2026-05-11 14:12:32 [INFO] ==================================================
2026-05-11 14:12:32 [INFO] Yapimaks Scraper basliyor
2026-05-11 14:12:32 [INFO] ==================================================
2026-05-11 14:12:32 [INFO] Ana sayfa ziyaret ediliyor, cookie aliniyor...
2026-05-11 14:12:33 [INFO] Cookie basariyla alindi.
2026-05-11 14:12:33 [INFO] Sitemap indiriliyor: https://yapimaks.com/sitemap/products1.xml
2026-05-11 14:12:33 [INFO] Sitemap'ten toplam 8990 urun URL'si bulundu.
2026-05-11 14:12:33 [INFO] Bugune ait veri yok. Eski veri (2026-05-10.csv) süzülerek bugune aktariliyor...
2026-05-11 14:12:33 [INFO] Basarili! 8967 urun dunden bugune aktarildi.
2026-05-11 14:12:33 [INFO] Guncel dosyada hazir olan urun: 8967 | Sifirdan cekilecek (yeni) urun: 23
2026-05-11 14:12:33 [INFO] 23 yeni urun scrapelanacak -> C:\Users\arhan\PycharmProjects\inflationstudymirror\Datas\yapimaks\2026-05-11.csv
2026-05-11 14:12:33 [INFO] [1/23] https://yapimaks.com/avadanlik-kutusu-rcs-15-rtrmax-p15426
2026-05-11 14:12:33 [INFO] [15426] 'AVADANLIK KUTUSU RCS-15 RTRMAX' | 65,00 TL | SKU: RTRMAX.RCS.15
2026-05-11 14:12:35 [INFO] [2/23] https://yapimaks.com/avadanlik-kutusu-rcs-20-rtrmax-p15425
2026-05-11 14:12:35 [INFO] [15425] 'AVADANLIK KUTUSU RCS-20 RTRMAX' | 90,00 TL | SKU: RTRMAX.RCS.20
2026-05-11 14:12:37 [INFO] [3/23] https://yapimaks.com/avadanlik-kutusu-rcs-30-rtrmax-p15427
2026-05-11 14:12:37 [INFO] [15427] 'AVADANLIK KUTUSU RCS-30 RTRMAX' | 185,00 TL | SKU: RTRMAX.RCS.30
2026-05-11 14:12:39 [INFO] [4/23] https://yapimaks.com/basincli-yikama-makina-3200w-225-bar-rtrmax-p15447
2026-05-11 14:12:39 [INFO] [15447] 'BASINÇLI YIKAMA MAKİNA 3200W 225 BAR RTR' | 21750,00 TL | SKU: RTRMAX.RTM716
2026-05-11 14:12:41 [INFO] [5/23] https://yapimaks.com/cift-tarafli-plaka-montaj-badi-65mmx25mm-6ad-rtrmax-p15444
2026-05-11 14:12:41 [INFO] [15444] 'ÇİFT TARAFLI PLAKA MONTAJ BADI 65MMX25MM' | 135,00 TL | SKU: RTRMAX.RNU1001
2026-05-11 14:12:43 [INFO] [6/23] https://yapimaks.com/civi-zimba-cakma-tabancasi-8-16mm-elektrikli-rtm-4020-p15445
2026-05-11 14:12:43 [INFO] [15445] 'ÇİVİ ZIMBA ÇAKMA TABANCASI 8-16MM ELEKTR' | 2000,00 TL | SKU: RTRMAX.RTM4020
2026-05-11 14:12:45 [INFO] [7/23] https://yapimaks.com/elektrik-bandi-tuylu-bez-siyah-18mmx9-14mt-rtrmax-p15440
2026-05-11 14:12:45 [INFO] [15440] 'ELEKTRİK BANDI TÜYLÜ BEZ SİYAH 18MMX9,14' | 90,00 TL | SKU: RTRMAX.RNU0101
2026-05-11 14:12:47 [INFO] [8/23] https://yapimaks.com/gonye-testere-ustten-tabla-1200e-210mm-6220-rtrmax-p15446
2026-05-11 14:12:47 [INFO] [15446] 'GÖNYE TESTERE ÜSTTEN TABLA 1200E 210MM 6' | 10900,00 TL | SKU: RTRMAX.RTM6220
2026-05-11 14:12:49 [INFO] [9/23] https://yapimaks.com/maskeleme-bandi-18mm-x-25-mt-rtrmax-p15436
2026-05-11 14:12:49 [INFO] [15436] 'MASKELEME BANDI 18MM x 25 MT (RTRMAX)' | 20,00 TL | SKU: RTRMAX.RNM1825
2026-05-11 14:12:51 [INFO] [10/23] https://yapimaks.com/maskeleme-bandi-24mm-x-25-mt-rtrmax-p15437
2026-05-11 14:12:51 [INFO] [15437] 'MASKELEME BANDI 24MM x 25 MT (RTRMAX)' | 25,00 TL | SKU: RTRMAX.RNM2425
2026-05-11 14:12:53 [INFO] [11/23] https://yapimaks.com/maskeleme-bandi-36mm-x-25-mt-rtrmax-p15438
2026-05-11 14:12:53 [INFO] [15438] 'MASKELEME BANDI 36MM x 25 MT (RTRMAX)' | 35,00 TL | SKU: RTRMAX.RNM3625
2026-05-11 14:12:55 [INFO] [12/23] https://yapimaks.com/maskeleme-bandi-48mm-x-25-mt-rtrmax-p15439
2026-05-11 14:12:56 [INFO] [15439] 'MASKELEME BANDI 48MM x 25 MT (RTRMAX)' | 45,00 TL | SKU: RTRMAX.RNM4825
2026-05-11 14:12:58 [INFO] [13/23] https://yapimaks.com/metal-kesici-inox-115x1x22-rtrmax-p15429
2026-05-11 14:12:58 [INFO] [15429] 'METAL KESİCİ İNOX 115x1x22 RTRMAX' | 15,00 TL | SKU: RTRMAX.RDM11510
2026-05-11 14:13:00 [INFO] [14/23] https://yapimaks.com/metal-kesici-inox-180x1-6x22-rtrmax-p15430
2026-05-11 14:13:00 [INFO] [15430] 'METAL KESİCİ İNOX 180x1.6x22 RTRMAX' | 45,00 TL | SKU: RTRMAX.RDM18016
2026-05-11 14:13:02 [INFO] [15/23] https://yapimaks.com/metal-kesici-inox-230x1-8x22-rtrmax-p15431
2026-05-11 14:13:02 [INFO] [15431] 'METAL KESİCİ İNOX 230x1.8x22 RTRMAX' | 70,00 TL | SKU: RTRMAX.RDM23018
2026-05-11 14:13:04 [INFO] [16/23] https://yapimaks.com/sizdirmazlik-bandi-22mmx3-35-mt-rtrmax-p15441
2026-05-11 14:13:04 [INFO] [15441] 'SIZDIRMAZLIK BANDI 22MMx3.35 MT (RTRMAX)' | 135,00 TL | SKU: RTRMAX.RNU.0511
2026-05-11 14:13:06 [INFO] [17/23] https://yapimaks.com/takim-cantasi-12-eko-seffaf-rtrmax-p15428
2026-05-11 14:13:06 [INFO] [15428] "TAKIM ÇANTASI 12'' EKO ŞEFFAF RTRMAX" | 235,00 TL | SKU: RTRMAX.RCST.12
2026-05-11 14:13:08 [INFO] [18/23] https://yapimaks.com/tamir-bandi-gri-48-mmx10-mt-rtrmax-p15432
2026-05-11 14:13:08 [INFO] [15432] 'TAMİR BANDI GRİ 48 MMX10 MT RTRMAX' | 45,00 TL | SKU: RTRMAX.RNC191
2026-05-11 14:13:10 [INFO] [19/23] https://yapimaks.com/tamir-bandi-kirmizi-48-mmx10-mt-rtrmax-p15434
2026-05-11 14:13:10 [INFO] [15434] 'TAMİR BANDI KIRMIZI 48 MMX10 MT RTRMAX' | 45,00 TL | SKU: RTRMAX.RNC196
2026-05-11 14:13:12 [INFO] [20/23] https://yapimaks.com/tamir-bandi-sari-48-mmx10-mt-rtrmax-p15435
2026-05-11 14:13:12 [INFO] [15435] 'TAMİR BANDI SARI 48 MMX10 MT RTRMAX' | 45,00 TL | SKU: RTRMAX.RNC197
2026-05-11 14:13:14 [INFO] [21/23] https://yapimaks.com/tamir-bandi-siyah-48-mmx10-mt-rtrmax-p15433
2026-05-11 14:13:14 [INFO] [15433] 'TAMİR BANDI SİYAH 48 MMX10 MT RTRMAX' | 45,00 TL | SKU: RTRMAX.RNC192
2026-05-11 14:13:16 [INFO] [22/23] https://yapimaks.com/yama-bandi-suya-dayanikli-4-lu-10cmx15cm-rtrmax-p15442
2026-05-11 14:13:16 [INFO] [15442] 'YAMA BANDI SUYA DAYANIKLI  4-LÜ 10CMX15C' | 200,00 TL | SKU: RTRMAX.RNU0801
2026-05-11 14:13:18 [INFO] [23/23] https://yapimaks.com/yama-bandi-suya-dayanikli-48mmx1-2mt-rtrmax-p15443
2026-05-11 14:13:18 [INFO] [15443] 'YAMA BANDI SUYA DAYANIKLI 48MMX1.2MT (RT' | 200,00 TL | SKU: RTRMAX.RNU0802
2026-05-11 14:13:20 [INFO] Tamamlandi! Toplam 23 yeni urun eklendi -> C:\Users\arhan\PycharmProjects\inflationstudymirror\Datas\yapimaks\2026-05-11.csv
