2026-07-03 05:52:51 [INFO] ==================================================
2026-07-03 05:52:51 [INFO] Yapimaks Scraper basliyor
2026-07-03 05:52:51 [INFO] ==================================================
2026-07-03 05:52:51 [INFO] Ana sayfa ziyaret ediliyor, cookie aliniyor...
2026-07-03 05:52:52 [INFO] Cookie basariyla alindi.
2026-07-03 05:52:52 [INFO] Sitemap indiriliyor: https://yapimaks.com/sitemap/products1.xml
2026-07-03 05:52:52 [INFO] Sitemap'ten toplam 7816 urun URL'si bulundu.
2026-07-03 05:52:52 [INFO] Bugune ait veri yok. Eski veri (2026-07-02.csv) süzülerek bugune aktariliyor...
2026-07-03 05:52:53 [INFO] Basarili! 7808 urun dunden bugune aktarildi.
2026-07-03 05:52:53 [INFO] Guncel dosyada hazir olan urun: 7808 | Sifirdan cekilecek (yeni) urun: 8
2026-07-03 05:52:53 [INFO] 8 yeni urun scrapelanacak -> /home/runner/work/inflationstudymirror/inflationstudymirror/Datas/yapimaks/2026-07-03.csv
2026-07-03 05:52:53 [INFO] [1/8] https://yapimaks.com/ahsap-koruyucu-vernikli-ceviz-0-75-lt-kardelen-p10895
2026-07-03 05:52:53 [INFO] [10895] 'AHŞAP KORUYUCU VERNİKLİ CEVİZ 0.75 LT KA' | 295.00 TL | SKU: KARDELEN.0606236
2026-07-03 05:52:55 [INFO] [2/8] https://yapimaks.com/likit-membran-alfahibrit-gri-4-5-kg-p1631
2026-07-03 05:52:55 [INFO] [1631] 'LİKİT MEMBRAN ALFAHİBRİT GRİ 4.5 KG' | 4537.50 TL | SKU: BTM.0309
2026-07-03 05:52:57 [INFO] [3/8] https://yapimaks.com/sandalye-plastik-selen-eko-acik-gri-p12283
2026-07-03 05:52:57 [INFO] [12283] 'SANDALYE PLASTİK SELEN EKO AÇIK GRİ' | 399.00 TL | SKU: SÖNMEZ.785B
2026-07-03 05:52:59 [INFO] [4/8] https://yapimaks.com/sandalye-plastik-selen-orijinal-beyaz-4-lu-set-p15650
2026-07-03 05:53:00 [INFO] [15650] 'SANDALYE PLASTİK SELEN ORİJİNAL BEYAZ 4 ' | 1650.00 TL | SKU: SÖNMEZ.775-1.4LÜ
2026-07-03 05:53:02 [INFO] [5/8] https://yapimaks.com/stropiyer-k4-10x10cm-10mm-2m-p9336
2026-07-03 05:53:02 [INFO] [9336] 'STROPİYER K4 10X10CM 10MM (2M)' | 45.00 TL | SKU: STROPİYER.030
2026-07-03 05:53:04 [INFO] [6/8] https://yapimaks.com/stropiyer-k4-6x6-10-mm-2m-p15628
2026-07-03 05:53:04 [INFO] [15628] 'STROPİYER K4 6x6 10 MM (2M)' | 30.00 TL | SKU: STROPİYER.034
2026-07-03 05:53:06 [INFO] [7/8] https://yapimaks.com/stropiyer-perdelik-10x10-2mt-p6080
2026-07-03 05:53:06 [INFO] [6080] 'STROPİYER PERDELİK 10x10 - 2MT' | 37.50 TL | SKU: STROPİYER.EPTK
2026-07-03 05:53:08 [INFO] [8/8] https://yapimaks.com/stropiyer-perdelik-12x12-2mt-p6079
2026-07-03 05:53:08 [INFO] [6079] 'STROPİYER PERDELİK 12x12 - 2MT' | 45.00 TL | SKU: STROPİYER.EPTB
2026-07-03 05:53:10 [INFO] Tamamlandi! Toplam 8 yeni urun eklendi -> /home/runner/work/inflationstudymirror/inflationstudymirror/Datas/yapimaks/2026-07-03.csv
