2026-06-13 06:16:33 [INFO] ==================================================
2026-06-13 06:16:33 [INFO] Yapimaks Scraper basliyor
2026-06-13 06:16:33 [INFO] ==================================================
2026-06-13 06:16:33 [INFO] Ana sayfa ziyaret ediliyor, cookie aliniyor...
2026-06-13 06:16:34 [INFO] Cookie basariyla alindi.
2026-06-13 06:16:34 [INFO] Sitemap indiriliyor: https://yapimaks.com/sitemap/products1.xml
2026-06-13 06:16:34 [INFO] Sitemap'ten toplam 7803 urun URL'si bulundu.
2026-06-13 06:16:34 [INFO] Bugune ait veri yok. Eski veri (2026-06-12.csv) süzülerek bugune aktariliyor...
2026-06-13 06:16:34 [INFO] Basarili! 7788 urun dunden bugune aktarildi.
2026-06-13 06:16:34 [INFO] Guncel dosyada hazir olan urun: 7788 | Sifirdan cekilecek (yeni) urun: 15
2026-06-13 06:16:34 [INFO] 15 yeni urun scrapelanacak -> /home/runner/work/inflationstudymirror/inflationstudymirror/Datas/yapimaks/2026-06-13.csv
2026-06-13 06:16:34 [INFO] [1/15] https://yapimaks.com/50-1000-pis-su-boru-pprc-kalde-p4865
2026-06-13 06:16:35 [INFO] [4865] '50/1000 PİS SU BORU PPRC KALDE' | 72.00 TL | SKU: KALDE.5203TBE0K1000
2026-06-13 06:16:37 [INFO] [2/15] https://yapimaks.com/aku-takviye-kablosu-1200-amp-5mt-bylion-p15531
2026-06-13 06:16:37 [INFO] [15531] 'AKÜ TAKVİYE KABLOSU 1200 AMP 5MT BYLİON' | 825.00 TL | SKU: BYLİON.P04198-BBC-1205
2026-06-13 06:16:39 [INFO] [3/15] https://yapimaks.com/aku-takviye-kablosu-800-amp-2mt-bylion-p15530
2026-06-13 06:16:39 [INFO] [15530] 'AKÜ TAKVİYE KABLOSU 800 AMP 2MT BYLİON' | 615.00 TL | SKU: BYLİON.P04197-BBC-802
2026-06-13 06:16:41 [INFO] [4/15] https://yapimaks.com/bariyerli-boru-16x2-pe-rt-240-mt-yerden-isitma-p3787
2026-06-13 06:16:41 [INFO] [3787] 'BARİYERLİ BORU 16X2 PE-RT 240 MT (YERDEN' | 4630.00 TL | SKU: KALDE.3858PRO162024
2026-06-13 06:16:43 [INFO] [5/15] https://yapimaks.com/cirpi-ipi-55-gr-30-mt-p15522
2026-06-13 06:16:43 [INFO] [15522] 'ÇIRPI İPİ 55 GR. 30 MT' | 45.00 TL | SKU: WONDER.W01501
2026-06-13 06:16:45 [INFO] [6/15] https://yapimaks.com/macunlama-takimi-4-lu-metal-partner-p14274
2026-06-13 06:16:45 [INFO] [14274] "MACUNLAMA TAKIMI 4'LÜ METAL PARTNER" | 75.00 TL | SKU: PARTNER.PT14123
2026-06-13 06:16:47 [INFO] [7/15] https://yapimaks.com/manyetik-kaynak-tutucu-11-33-kg-wkt01325-p14135
2026-06-13 06:16:48 [INFO] [14135] 'MANYETİK KAYNAK TUTUCU 11,33 KG WKT01325' | 110.00 TL | SKU: WONDER.WKT01325
2026-06-13 06:16:50 [INFO] [8/15] https://yapimaks.com/manyetik-kaynak-tutucu-6-li-set-11-33-4-53-kg-p14138
2026-06-13 06:16:50 [INFO] [14138] 'MANYETİK KAYNAK TUTUCU 6 LI SET 11,33/4,' | 475.00 TL | SKU: WONDER.WKT01625SS
2026-06-13 06:16:52 [INFO] [9/15] https://yapimaks.com/matkap-ucu-10-mm-seramik-cam-tugla-p10951
2026-06-13 06:16:52 [INFO] [10951] 'MATKAP UCU 10 MM SERAMİK-CAM-TUĞLA' | 275.00 TL | SKU: WONDER.STW01407
2026-06-13 06:16:54 [INFO] [10/15] https://yapimaks.com/metre-yol-olcum-numaratorlu-12395bts-p12223
2026-06-13 06:16:54 [INFO] [12223] 'METRE YOL ÖLÇÜM NUMARATÖRLÜ  12395BTS' | 900.00 TL | SKU: BTS.12395
2026-06-13 06:16:56 [INFO] [11/15] https://yapimaks.com/sds-max-4-elmasli-matkap-ucu-16x340-50416-todrill-p9733
2026-06-13 06:16:56 [INFO] [9733] 'SDS MAX 4 ELMASLI MATKAP UCU 16X340 5041' | 399.00 TL | SKU: TODRİLL.TD50416
2026-06-13 06:16:58 [INFO] [12/15] https://yapimaks.com/sds-plus-matkap-ucu-8x110-mm-p13602
2026-06-13 06:16:59 [INFO] [13602] 'SDS PLUS MATKAP UCU 8x110 MM' | 55.00 TL | SKU: WONDER.STW013811
2026-06-13 06:17:01 [INFO] [13/15] https://yapimaks.com/yapistirici-hizli-56-7-g-mavi-alteco-p12671
2026-06-13 06:17:01 [INFO] [12671] 'YAPIŞTIRICI HIZLI 56,7 G MAVİ ALTECO' | 199.00 TL | SKU: ALTECO3T-64G
2026-06-13 06:17:03 [INFO] [14/15] https://yapimaks.com/zimba-tabancasi-metal-mekanik-r23-rapid-p7746
2026-06-13 06:17:03 [INFO] [7746] 'ZIMBA TABANCASI METAL MEKANİK R23 RAPİD' | 2150.00 TL | SKU: RAPİD.R23
2026-06-13 06:17:05 [INFO] [15/15] https://yapimaks.com/zimpara-malasi-sabit-dekor-1206-p8733
2026-06-13 06:17:05 [INFO] [8733] 'ZIMPARA MALASI SABİT DEKOR 1206' | 190.00 TL | SKU: DEKOR.1206
2026-06-13 06:17:07 [INFO] Tamamlandi! Toplam 15 yeni urun eklendi -> /home/runner/work/inflationstudymirror/inflationstudymirror/Datas/yapimaks/2026-06-13.csv
