2026-03-23 22:26:36 [INFO] ==================================================
2026-03-23 22:26:36 [INFO] Yapimaks Scraper basliyor
2026-03-23 22:26:36 [INFO]   code   -> C:\Users\arhan\PycharmProjects\inflationstudymirror\Codes\ConstructionMarkets\yapimaks
2026-03-23 22:26:36 [INFO]   data   -> C:\Users\arhan\PycharmProjects\inflationstudymirror\Datas\yapimaks
2026-03-23 22:26:36 [INFO]   logs   -> C:\Users\arhan\PycharmProjects\inflationstudymirror\logs
2026-03-23 22:26:36 [INFO]   proje  -> C:\Users\arhan\PycharmProjects\inflationstudymirror
2026-03-23 22:26:36 [INFO] ==================================================
2026-03-23 22:26:36 [INFO] Ana sayfa ziyaret ediliyor, cookie aliniyor...
2026-03-23 22:26:37 [INFO] Cookie alindi: ['_epower_session']
2026-03-23 22:26:37 [INFO] Sitemap indiriliyor: https://yapimaks.com/sitemap/products1.xml
2026-03-23 22:26:37 [INFO] Toplam URL: 8652 | Urun URL'i: 8652
2026-03-23 22:26:37 [INFO] Lokal sitemap bulunamadi, kaydediliyor.
2026-03-23 22:26:37 [INFO] Sitemap guncellendi -> C:\Users\arhan\PycharmProjects\inflationstudymirror\Codes\ConstructionMarkets\yapimaks\products1.xml
2026-03-23 22:26:37 [INFO] 8652 urun scrapelanacak -> C:\Users\arhan\PycharmProjects\inflationstudymirror\Datas\yapimaks\2026-03-23.csv
2026-03-23 22:26:37 [INFO] [1/8652] https://yapimaks.com/0-30-875-200-oluklu-p4257
2026-03-23 22:26:37 [INFO] [4257] '0.30*875*200 OLUKLU' | 276,00 TL | SKU: GLV.SAC.030.2000
2026-03-23 22:26:39 [INFO] [2/8652] https://yapimaks.com/0-30-875-250-oluklu-p4258
2026-03-23 22:26:39 [INFO] [4258] '0.30*875*250 OLUKLU' | 343,75 TL | SKU: GLV.SAC.030.2500
2026-03-23 22:26:41 [INFO] [3/8652] https://yapimaks.com/0-30-875-300-oluklu-p4259
2026-03-23 22:26:41 [INFO] [4259] '0.30*875*300 OLUKLU' | 412,50 TL | SKU: GLV.SAC.030.3000
2026-03-23 22:26:43 [INFO] [4/8652] https://yapimaks.com/0-30-trp-mahya-p4254
2026-03-23 22:26:43 [INFO] [4254] '0.30 TRP MAHYA' | 137,50 TL | SKU: GLV.SAC.030.TMHY
2026-03-23 22:26:45 [INFO] [5/8652] https://yapimaks.com/0-40-86-200-trapez-p4260
2026-03-23 22:26:45 [INFO] [4260] '0.40*86*200 TRAPEZ' | 365,00 TL | SKU: GLV.SAC.040.2000
2026-03-23 22:26:47 [INFO] [6/8652] https://yapimaks.com/0-40-86-2000-bordo-p13720
2026-03-23 22:26:47 [INFO] [13720] '0.40*86*2000 (BORDO)' | 370,00 TL | SKU: RALL.3009.040.2000
2026-03-23 22:26:49 [INFO] [7/8652] https://yapimaks.com/0-40-86-2000-gri-p13724
2026-03-23 22:26:49 [INFO] [13724] '0.40*86*2000 (GRİ)' | 380,00 TL | SKU: RALL.7016.040.2000
2026-03-23 22:26:51 [INFO] [8/8652] https://yapimaks.com/0-40-86-250-trapez-p4261
2026-03-23 22:26:51 [INFO] [4261] '0.40*86*250 TRAPEZ' | 456,25 TL | SKU: GLV.SAC.040.2500
2026-03-23 22:26:53 [INFO] [9/8652] https://yapimaks.com/0-40-86-2500-gri-p13725
2026-03-23 22:26:53 [INFO] [13725] '0.40*86*2500 (GRİ)' | 475,00 TL | SKU: RALL.7016.040.2500
2026-03-23 22:26:55 [INFO] [10/8652] https://yapimaks.com/0-40-86-30-30-trapez-mahya-glv-p4264
2026-03-23 22:26:56 [INFO] [4264] '0.40*86*30*30 TRAPEZ MAHYA GLV.' | 144,00 TL | SKU: GLV.SAC.040.TMHY
2026-03-23 22:26:58 [INFO] [11/8652] https://yapimaks.com/0-40-86-300-trapez-p4262
2026-03-23 22:26:58 [INFO] [4262] '0.40*86*300 TRAPEZ' | 547,50 TL | SKU: GLV.SAC.040.3000
2026-03-23 22:27:00 [INFO] [12/8652] https://yapimaks.com/0-40-86-3000-gri-p13726
2026-03-23 22:27:00 [INFO] [13726] '0.40*86*3000 (GRİ)' | 570,00 TL | SKU: RALL.7016.040.3000
2026-03-23 22:27:02 [INFO] [13/8652] https://yapimaks.com/0-40-86-400-trapez-p4263
2026-03-23 22:27:02 [INFO] [4263] '0.40*86*400 TRAPEZ' | 730,00 TL | SKU: GLV.SAC.040.4000
2026-03-23 22:27:04 [INFO] [14/8652] https://yapimaks.com/0-50-15-200-kar-tutucu-aksesuar-antrasit-p14764
2026-03-23 22:27:04 [INFO] [14764] '0.50*15*200 KAR TUTUCU AKSESUAR ANTRASİT' | 110,00 TL | SKU: RALL.7016.050.AKS.02
2026-03-23 22:27:06 [INFO] [15/8652] https://yapimaks.com/0-50-15-200-kar-tutucu-aksesuar-bordo-p14768
2026-03-23 22:27:06 [INFO] [14768] '0.50*15*200 KAR TUTUCU AKSESUAR BORDO' | 110,00 TL | SKU: RALL.3009.050.AKS.03
2026-03-23 22:27:08 [INFO] [16/8652] https://yapimaks.com/0-50-15-200-l-kose-aksesuar-antrasit-p14763
2026-03-23 22:27:08 [INFO] [14763] '0.50*15*200 L KÖŞE AKSESUAR ANTRASİT' | 110,00 TL | SKU: RALL.7016.050.AKS.03
2026-03-23 22:27:10 [INFO] [17/8652] https://yapimaks.com/0-50-15-200-l-kose-aksesuar-bordo-p14767
2026-03-23 22:27:10 [INFO] [14767] '0.50*15*200 L KÖŞE AKSESUAR BORDO' | 110,00 TL | SKU: RALL.3009.050.AKS.04
2026-03-23 22:27:12 [INFO] [18/8652] https://yapimaks.com/0-50-25-25-2000-duz-mahya-bordo-p14766
2026-03-23 22:27:12 [INFO] [14766] '0.50*25*25*2000 DÜZ MAHYA (BORDO)' | 352,00 TL | SKU: RALL.3009.050.MHY01
2026-03-23 22:27:14 [INFO] [19/8652] https://yapimaks.com/0-50-25-25-2000-duz-mahya-gri-p14791
2026-03-23 22:27:14 [INFO] [14791] '0.50*25*25*2000 DÜZ MAHYA (GRİ)' | 350,00 TL | SKU: RALL.7016.050.MHY02
2026-03-23 22:27:16 [INFO] [20/8652] https://yapimaks.com/0-50-30-200-alin-kapama-aksesuar-bordo-p14769
2026-03-23 22:27:16 [INFO] [14769] '0.50*30*200 ALIN KAPAMA AKSESUAR BORDO' | 195,00 TL | SKU: RALL.3009.050.AKS.01
2026-03-23 22:27:18 [INFO] [21/8652] https://yapimaks.com/0-50-3009-rulo-sac-30-cm-p7689
2026-03-23 22:27:18 [INFO] [7689] '0.50*3009 RULO SAC 30-CM' | 57,50 TL | SKU: RALL.3009.300.01
2026-03-23 22:27:20 [INFO] [22/8652] https://yapimaks.com/0-50-50-200-dere-aksesuar-antrasit-p14762
2026-03-23 22:27:20 [INFO] [14762] '0.50*50*200 DERE AKSESUAR ANTRASİT' | 330,00 TL | SKU: RALL.7016.050.AKS.01
2026-03-23 22:27:22 [INFO] [23/8652] https://yapimaks.com/0-50-50-200-dere-aksesuar-bordo-p14765
2026-03-23 22:27:22 [INFO] [14765] '0.50*50*200 DERE AKSESUAR BORDO' | 330,00 TL | SKU: RALL.3009.050.AKS.02
2026-03-23 22:27:24 [INFO] [24/8652] https://yapimaks.com/0-50-86-1250-bordo-p15008
2026-03-23 22:27:24 [INFO] [15008] '0.50*86*1250 (BORDO)' | 262,50 TL | SKU: RALL.3009.050.1250
2026-03-23 22:27:26 [INFO] [25/8652] https://yapimaks.com/0-50-86-2000-gri-p7714
2026-03-23 22:27:26 [INFO] [7714] '0.50*86*2000 (GRİ)' | 430,00 TL | SKU: RALL.7016.050.2000
2026-03-23 22:27:28 [INFO] [26/8652] https://yapimaks.com/0-50-86-30-30-trapez-mahya-glv-p4276
2026-03-23 22:27:28 [INFO] [4276] '0.50*86*30*30 TRAPEZ MAHYA GLV.' | 192,50 TL | SKU: GLV.SAC.050.MHY
2026-03-23 22:27:30 [INFO] [27/8652] https://yapimaks.com/0-50-86-30-30-trp-mahya-7016-a-gri-p7723
2026-03-23 22:27:30 [INFO] [7723] '0.50*86*30*30 TRP MAHYA 7016-(A.GRİ)' | 215,00 TL | SKU: RALL.7016.050.MHY
2026-03-23 22:27:32 [INFO] [28/8652] https://yapimaks.com/0-50-86-30-30-trp-mahya-9002-beyaz-p7738
2026-03-23 22:27:33 [INFO] [7738] '0.50*86*30*30 TRP MAHYA 9002-(BEYAZ)' | 220,00 TL | SKU: RALL.9002.050.MHY
2026-03-23 22:27:35 [INFO] [29/8652] https://yapimaks.com/0-50-86-30-30-trp-mahya-bordo-p7708
2026-03-23 22:27:35 [INFO] [7708] '0.50*86*30*30 TRP MAHYA (BORDO)' | 220,00 TL | SKU: RALL.3009.050.MHY
2026-03-23 22:27:37 [INFO] [30/8652] https://yapimaks.com/0-50-86-3000-bordo-p7693
2026-03-23 22:27:37 [INFO] [7693] '0.50*86*3000 (BORDO)' | 630,00 TL | SKU: RALL.3009.050.3000
2026-03-23 22:27:39 [INFO] [31/8652] https://yapimaks.com/0-50-86-3000-gri-p7716
2026-03-23 22:27:39 [INFO] [7716] '0.50*86*3000 (GRİ)' | 645,00 TL | SKU: RALL.7016.050.3000
2026-03-23 22:27:41 [INFO] [32/8652] https://yapimaks.com/0-50-86-4500-bordo-p7696
2026-03-23 22:27:41 [INFO] [7696] '0.50*86*4500 (BORDO)' | 945,00 TL | SKU: RALL.3009.050.4500
2026-03-23 22:27:43 [INFO] [33/8652] https://yapimaks.com/0-50-86-5000-bordo-p7697
2026-03-23 22:27:43 [INFO] [7697] '0.50*86*5000 (BORDO)' | 1050,00 TL | SKU: RALL.3009.050.5000
2026-03-23 22:27:45 [INFO] [34/8652] https://yapimaks.com/100-100-100-cift-catal-pis-su-pvc-kalde-p4893
2026-03-23 22:27:45 [INFO] [4893] '100/100/100 ÇİFT ÇATAL PİS SU PVC KALDE' | 178,00 TL | SKU: KALDE.5213DBR0M0M45
2026-03-23 22:27:47 [INFO] [35/8652] https://yapimaks.com/100-100-catal-pis-su-pvc-kalde-p4916
2026-03-23 22:27:47 [INFO] [4916] '100/100 ÇATAL PİS SU PVC KALDE' | 115,00 TL | SKU: KALDE.5213SBR0M0M45
2026-03-23 22:27:49 [INFO] [36/8652] https://yapimaks.com/100-100-te-pis-su-pvc-kalde-p4917
2026-03-23 22:27:49 [INFO] [4917] '100/100 TE PİS SU PVC KALDE' | 100,00 TL | SKU: KALDE.5213SBR0M0M87
2026-03-23 22:27:51 [INFO] [37/8652] https://yapimaks.com/100-1000-pis-su-boru-kalde-p4873
2026-03-23 22:27:51 [INFO] [4873] '100/1000 PİS SU BORU KALDE' | 167,00 TL | SKU: KALDE.5203TBE0M1000
2026-03-23 22:27:53 [INFO] [38/8652] https://yapimaks.com/100-150-pis-su-boru-kalde-p4935
2026-03-23 22:27:53 [INFO] [4935] '100/150 PİS SU BORU KALDE' | 49,00 TL | SKU: KALDE.5203TBEXM0150
2026-03-23 22:27:55 [INFO] [39/8652] https://yapimaks.com/100-2000-pis-su-boru-kalde-p4870
2026-03-23 22:27:55 [INFO] [4870] '100/2000 PİS SU BORU KALDE' | 278,00 TL | SKU: KALDE.5203TBE0M2000
2026-03-23 22:27:57 [INFO] [40/8652] https://yapimaks.com/100-250-pis-su-borusu-kalde-p4884
2026-03-23 22:27:57 [INFO] [4884] '100/250 PİS SU BORUSU KALDE' | 68,00 TL | SKU: KALDE.5203TBEXM0250
2026-03-23 22:27:59 [INFO] [41/8652] https://yapimaks.com/100-3000-pis-su-boru-kalde-p4874
2026-03-23 22:27:59 [INFO] [4874] '100/3000 PİS SU BORU KALDE' | 411,00 TL | SKU: KALDE.5203TBE0M3000
2026-03-23 22:28:01 [INFO] [42/8652] https://yapimaks.com/100-45-pis-su-pvc-dirsek-kalde-p4899
2026-03-23 22:28:01 [INFO] [4899] '100/45 PİS SU PVC DİRSEK KALDE' | 48,00 TL | SKU: KALDE.5213ELB0M0045
2026-03-23 22:28:03 [INFO] [43/8652] https://yapimaks.com/100-50-100-cift-catal-pis-su-pvc-kalde-p4892
2026-03-23 22:28:03 [INFO] [4892] '100/50/100 ÇİFT ÇATAL PİS SU PVC KALDE' | 109,00 TL | SKU: KALDE.5213DBR0M0K45
2026-03-23 22:28:05 [INFO] [44/8652] https://yapimaks.com/100-50-catal-pis-su-pvc-kalde-p4914
2026-03-23 22:28:05 [INFO] [4914] '100/50 ÇATAL PİS SU PVC KALDE' | 66,00 TL | SKU: KALDE.5213SBR0M0K45
2026-03-23 22:28:07 [INFO] [45/8652] https://yapimaks.com/100-50-rediksiyon-pis-su-pvc-kalde-p4904
2026-03-23 22:28:07 [INFO] [4904] '100/50 REDİKSİYON PİS SU PVC KALDE' | 35,00 TL | SKU: KALDE.5213RDC0M0K00
2026-03-23 22:28:09 [INFO] [46/8652] https://yapimaks.com/100-50-te-pis-su-pvc-kalde-p12648
2026-03-23 22:28:10 [INFO] [12648] '100/50 TE PİS SU PVC KALDE' | 77,00 TL | SKU: KALDE.5213SBR0M0K87
2026-03-23 22:28:12 [INFO] [47/8652] https://yapimaks.com/100-500-pis-su-boru-pprc-kalde-p4869
2026-03-23 22:28:12 [INFO] [4869] '100/500 PİS SU BORU PPRC KALDE' | 111,00 TL | SKU: KALDE.5203TBE0M0500
2026-03-23 22:28:14 [INFO] [48/8652] https://yapimaks.com/100-70-catal-pis-su-pvc-kalde-p4915
2026-03-23 22:28:14 [INFO] [4915] '100/70 ÇATAL PİS SU PVC KALDE' | 93,00 TL | SKU: KALDE.5213SBR0M0L45
2026-03-23 22:28:16 [INFO] [49/8652] https://yapimaks.com/100-70-reduksiyon-pis-su-pvc-kalde-p4905
2026-03-23 22:28:16 [INFO] [4905] '100/70 REDÜKSİYON PİS SU PVC KALDE' | 37,00 TL | SKU: KALDE.5213RDC0M0L00
2026-03-23 22:28:18 [INFO] [50/8652] https://yapimaks.com/100-90-pis-su-pvc-dirsek-kalde-p4900
2026-03-23 22:28:18 [INFO] [4900] '100/90 PİS SU PVC DİRSEK KALDE' | 60,00 TL | SKU: KALDE.5213ELB0M0090
2026-03-23 22:28:20 [INFO] [51/8652] https://yapimaks.com/100-es-pis-su-pvc-kalde-110x87-p4924
2026-03-23 22:28:20 [INFO] [4924] '100 ES PİS SU PVC KALDE 110X87' | 182,00 TL | SKU: KALDE.5213SPİ0M0087
2026-03-23 22:28:22 [INFO] [52/8652] https://yapimaks.com/100-kayar-manson-pis-su-pvc-kalde-p4922
2026-03-23 22:28:22 [INFO] [4922] '100 KAYAR MANŞON PİS SU PVC KALDE' | 57,00 TL | SKU: KALDE.5213SOCXM0000
2026-03-23 22:28:24 [INFO] [53/8652] https://yapimaks.com/100-kelepce-pis-su-pvc-kalde-p4888
2026-03-23 22:28:24 [INFO] [4888] '100 KELEPÇE PİS SU PVC KALDE' | 21,00 TL | SKU: KALDE.5213BCC0M0000
2026-03-23 22:28:26 [INFO] [54/8652] https://yapimaks.com/100-lik-conta-kalde-p4909
2026-03-23 22:28:26 [INFO] [4909] '100 LİK CONTA KALDE' | 4,00 TL | SKU: KALDE.5213RUR0M0000
2026-03-23 22:28:28 [INFO] [55/8652] https://yapimaks.com/100-luk-banyo-aspiratoru-12-watt-isildar-p11825
2026-03-23 22:28:28 [INFO] [11825] '100 LÜK BANYO ASPİRATÖRÜ 12 WATT IŞILDAR' | 260,00 TL | SKU: IŞILDAR.901000000009501
2026-03-23 22:28:30 [INFO] [56/8652] https://yapimaks.com/100-tapa-pis-su-kalde-p4928
2026-03-23 22:28:30 [INFO] [4928] '100 TAPA PİS SU KALDE' | 26,00 TL | SKU: KALDE.5213STE0M0000
2026-03-23 22:28:32 [INFO] [57/8652] https://yapimaks.com/100-temizleme-pis-su-kalde-p4891
2026-03-23 22:28:32 [INFO] [4891] '100 TEMİZLEME PİS SU KALDE' | 145,00 TL | SKU: KALDE.5213CLP0M0000
2026-03-23 22:28:34 [INFO] [58/8652] https://yapimaks.com/125-100-catal-pis-su-pvc-kalde-p4919
2026-03-23 22:28:34 [INFO] [4919] '125/100 ÇATAL PİS SU PVC KALDE' | 164,00 TL | SKU: KALDE.5213SBR0N0M45
2026-03-23 22:28:36 [INFO] [59/8652] https://yapimaks.com/125-100-reduksiyon-pis-su-pvc-kalde-p4906
2026-03-23 22:28:36 [INFO] [4906] '125/100 REDÜKSİYON PİS SU PVC KALDE' | 67,00 TL | SKU: KALDE.5213RDC0N0M00
2026-03-23 22:28:38 [INFO] [60/8652] https://yapimaks.com/125-1000-pis-su-boru-kalde-p4876
2026-03-23 22:28:38 [INFO] [4876] '125/1000 PİS SU BORU KALDE' | 182,00 TL | SKU: KALDE.5203TBE0N1000
2026-03-23 22:28:40 [INFO] [61/8652] https://yapimaks.com/125-125-catal-pis-su-pvc-kalde-p4918
2026-03-23 22:28:40 [INFO] [4918] '125/125 ÇATAL PİS SU PVC KALDE' | 200,00 TL | SKU: KALDE.5213SBR0N0N45
2026-03-23 22:28:42 [INFO] [62/8652] https://yapimaks.com/125-125-te-pis-su-catal-kalde-p4910
2026-03-23 22:28:43 [INFO] [4910] '125/125 TE PİS SU ÇATAL KALDE' | 179,00 TL | SKU: KALDE.5213SBR0N0N87
2026-03-23 22:28:45 [INFO] [63/8652] https://yapimaks.com/125-2000-pis-su-boru-kalde-p4877
2026-03-23 22:28:45 [INFO] [4877] '125/2000 PİS SU BORU KALDE' | 346,00 TL | SKU: KALDE.5203TBE0N2000
2026-03-23 22:28:47 [INFO] [64/8652] https://yapimaks.com/125-250-pis-su-boru-kalde-p4885
2026-03-23 22:28:47 [INFO] [4885] '125/250 PİS SU BORU KALDE' | 91,00 TL | SKU: KALDE.5203TBEXN0250
2026-03-23 22:28:49 [INFO] [65/8652] https://yapimaks.com/125-3000-pis-su-boru-kalde-p4878
2026-03-23 22:28:49 [INFO] [4878] '125/3000 PİS SU BORU KALDE' | 510,00 TL | SKU: KALDE.5203TBE0N3000
2026-03-23 22:28:51 [INFO] [66/8652] https://yapimaks.com/125-45-pis-su-pvc-dirsek-kalde-p4901
2026-03-23 22:28:51 [INFO] [4901] '125/45 PİS SU PVC DİRSEK KALDE' | 70,00 TL | SKU: KALDE.5213ELB0N0045
2026-03-23 22:28:53 [INFO] [67/8652] https://yapimaks.com/125-500-pis-su-boru-pprc-kalde-p4875
2026-03-23 22:28:53 [INFO] [4875] '125/500 PİS SU BORU PPRC KALDE' | 102,00 TL | SKU: KALDE.5203TBE0N0500
2026-03-23 22:28:55 [INFO] [68/8652] https://yapimaks.com/125-90-pis-su-pvc-dirsek-kalde-p14223
2026-03-23 22:28:55 [INFO] [14223] '125/90 PİS SU PVC DİRSEK KALDE' | 87,00 TL | SKU: KALDE.5213ELB0N0087
2026-03-23 22:28:57 [INFO] [69/8652] https://yapimaks.com/125-kayar-manson-pis-su-pvc-kalde-p4923
2026-03-23 22:28:57 [INFO] [4923] '125 KAYAR MANŞON PİS SU PVC KALDE' | 95,00 TL | SKU: KALDE.5213SOC0N0000
2026-03-23 22:28:59 [INFO] [70/8652] https://yapimaks.com/125-kelepce-pis-su-pvc-kalde-p4889
2026-03-23 22:28:59 [INFO] [4889] '125 KELEPÇE PİS SU PVC KALDE' | 37,00 TL | SKU: KALDE.5213BCCON0000
2026-03-23 22:29:01 [INFO] [71/8652] https://yapimaks.com/125-tapa-pis-su-kalde-p4925
2026-03-23 22:29:01 [INFO] [4925] '125 TAPA PİS SU KALDE' | 44,00 TL | SKU: KALDE.5213STE0N0000
2026-03-23 22:29:03 [INFO] [72/8652] https://yapimaks.com/14-16-dns-50x100-5-cm-karbonlu-fawori-p3581
2026-03-23 22:29:03 [INFO] [3581] '14/16 DNS 50X100 5 CM KARBONLU FAWORİ' | 750,00 TL | SKU: FAWORİ.001
2026-03-23 22:29:05 [INFO] [73/8652] https://yapimaks.com/16-1-2-dis-disli-rekor-kalde-p3793
2026-03-23 22:29:05 [INFO] [3793] '16 1/2 DIŞ DİŞLİ REKOR KALDE' | 65,00 TL | SKU: KALDE.3411NMF160B00
2026-03-23 22:29:07 [INFO] [74/8652] https://yapimaks.com/16-1-2-ic-disli-rekor-kalde-p3792
2026-03-23 22:29:07 [INFO] [3792] '16 1/2 İÇ DİŞLİ REKOR KALDE' | 67,00 TL | SKU: KALDE.3411NFF160B01
2026-03-23 22:29:09 [INFO] [75/8652] https://yapimaks.com/16dns-dalmacyali-5cm-50x100cm-10ad-5m2-p1707
2026-03-23 22:29:09 [INFO] [1707] '16DNS DALMAÇYALI 5CM 50X100CM (10AD-5M2)' | 950,00 TL | SKU: CAPATECT.001
2026-03-23 22:29:11 [INFO] [76/8652] https://yapimaks.com/16x16-sabit-rekor-pe-x-kalde-p14851
2026-03-23 22:29:11 [INFO] [14851] '16X16 SABİT REKOR PE-X KALDE' | 175,00 TL | SKU: KALDE.3411NPF161600
2026-03-23 22:29:13 [INFO] [77/8652] https://yapimaks.com/1x10a-paket-salter-0-1-ac-kapa-metop-p12729
2026-03-23 22:29:13 [INFO] [12729] '1X10A PAKET ŞALTER 0-1 AÇ KAPA METOP' | 198,90 TL | SKU: METOP.015-10
2026-03-23 22:29:15 [INFO] [78/8652] https://yapimaks.com/20-1-2-batarya-baglantisi-ciftli-kalde-p4799
2026-03-23 22:29:16 [INFO] [4799] '20 1/2 BATARYA BAĞLANTISI ÇİFTLİ KALDE' | 115,00 TL | SKU: KALDE.3222BAT200B04
2026-03-23 22:29:18 [INFO] [79/8652] https://yapimaks.com/20-1-2-batarya-baglantisi-tekli-disi-kalde-p4798
2026-03-23 22:29:18 [INFO] [4798] '20 1/2 BATARYA BAĞLANTISI TEKLİ DİŞİ KAL' | 35,00 TL | SKU: KALDE.3222BAT200B01
2026-03-23 22:29:20 [INFO] [80/8652] https://yapimaks.com/20-1-2-dis-disli-dirsek-pprc-kalde-p11231
2026-03-23 22:29:20 [INFO] [11231] '20 1/2 DIŞ DİŞLİ DİRSEK PPRC KALDE' | 60,00 TL | SKU: KALDE.3222EMO200C00
2026-03-23 22:29:22 [INFO] [81/8652] https://yapimaks.com/20-1-2-dis-disli-rekor-pprc-kalde-p4820
2026-03-23 22:29:22 [INFO] [4820] '20 1/2 DIŞ DİŞLİ REKOR PPRC KALDE' | 39,00 TL | SKU: KALDE.3222NMO200B00
2026-03-23 22:29:24 [INFO] [82/8652] https://yapimaks.com/20-1-2-ic-disli-dirsek-pprc-kalde-p4804
2026-03-23 22:29:24 [INFO] [4804] '20 1/2 İÇ DİŞLİ DİRSEK PPRC KALDE' | 33,00 TL | SKU: KALDE.3222EFO200B00
2026-03-23 22:29:26 [INFO] [83/8652] https://yapimaks.com/20-1-2-ic-disli-rekor-pprc-kalde-p4814
2026-03-23 22:29:26 [INFO] [4814] '20 1/2 İÇ DİŞLİ REKOR PPRC KALDE' | 31,00 TL | SKU: KALDE.3222NFO200B00
2026-03-23 22:29:28 [INFO] [84/8652] https://yapimaks.com/20-1-2-ic-disli-te-pprc-kalde-p4825
2026-03-23 22:29:28 [INFO] [4825] '20 1/2 İÇ DİŞLİ TE PPRC KALDE' | 33,00 TL | SKU: KALDE.3222TFO200B20
2026-03-23 22:29:30 [INFO] [85/8652] https://yapimaks.com/20-1-2-rekor-oynar-basli-dis-disli-kalde-p4844
2026-03-23 22:29:30 [INFO] [4844] '20 1/2 REKOR OYNAR BAŞLI DIŞ DİŞLİ KALDE' | 89,00 TL | SKU: KALDE.3272TUM200B00
2026-03-23 22:29:32 [INFO] [86/8652] https://yapimaks.com/20-1-2-rekor-oynar-basli-ic-disli-kalde-p4840
2026-03-23 22:29:32 [INFO] [4840] '20 1/2 REKOR OYNAR BAŞLI İÇ DİŞLİ KALDE' | 79,00 TL | SKU: KALDE.3272TUF200B00
2026-03-23 22:29:34 [INFO] [87/8652] https://yapimaks.com/20-1-2-taharet-baglantisi-ciftli-kalde-p4803
2026-03-23 22:29:34 [INFO] [4803] '20 1/2 TAHARET BAĞLANTISI ÇİFTLİ KALDE' | 84,00 TL | SKU: KALDE.3222BTT200B00
2026-03-23 22:29:36 [INFO] [88/8652] https://yapimaks.com/20-1-2-te-dis-disli-pprc-kalde-p4829
2026-03-23 22:29:36 [INFO] [4829] '20 1/2 TE  DIŞ DİŞLİ PPRC KALDE' | 43,00 TL | SKU: KALDE.3222TMO200B20
2026-03-23 22:29:38 [INFO] [89/8652] https://yapimaks.com/20-25-20-inegal-te-pprc-kalde-p4760
2026-03-23 22:29:38 [INFO] [4760] '20/25/20 İNEGAL TE PPRC KALDE' | 15,00 TL | SKU: KALDE.3212TİO202520
2026-03-23 22:29:40 [INFO] [90/8652] https://yapimaks.com/20-3-4-dis-disli-dirsek-pprc-kalde-p4808
2026-03-23 22:29:40 [INFO] [4808] '20 3/4 DIŞ DİŞLİ DİRSEK PPRC KALDE' | 41,00 TL | SKU: KALDE.3222EMO200B00
2026-03-23 22:29:42 [INFO] [91/8652] https://yapimaks.com/20-3-4-ic-dis-dirsek-pprc-kalde-p11230
2026-03-23 22:29:42 [INFO] [11230] '20 3/4 İÇ DİŞ DİRSEK PPRC KALDE' | 41,00 TL | SKU: KALDE.3222EFO200C00
2026-03-23 22:29:44 [INFO] [92/8652] https://yapimaks.com/20-3-4-ic-disli-rekor-kalde-p4815
2026-03-23 22:29:44 [INFO] [4815] '20 3/4 İÇ DİŞLİ REKOR KALDE' | 37,00 TL | SKU: KALDE.3222NFO200C00
2026-03-23 22:29:46 [INFO] [93/8652] https://yapimaks.com/20-3-4-oynar-basli-rekor-dis-disli-erkek-kalde-p11232
2026-03-23 22:29:46 [INFO] [11232] '20 3/4 OYNAR BAŞLI REKOR DIŞ DİŞLİ ERKEK' | 96,00 TL | SKU: KALDE.3252TUM200C00
2026-03-23 22:29:48 [INFO] [94/8652] https://yapimaks.com/20-45-dirsek-pprc-kalde-p4773
2026-03-23 22:29:48 [INFO] [4773] '20/45 DİRSEK PPRC KALDE' | 5,00 TL | SKU: KALDE.3212ELB200045
2026-03-23 22:29:50 [INFO] [95/8652] https://yapimaks.com/20-90-dirsek-kapali-pprc-kalde-p4772
2026-03-23 22:29:51 [INFO] [4772] '20/90 DİRSEK KAPALI PPRC KALDE' | 4,00 TL | SKU: KALDE.3212ELB200000
2026-03-23 22:29:53 [INFO] [96/8652] https://yapimaks.com/20-c-kavis-pprc-kalde-p4769
2026-03-23 22:29:53 [INFO] [4769] '20 C KAVİS PPRC KALDE' | 14,00 TL | SKU: KALDE.3202TWC200001
2026-03-23 22:29:55 [INFO] [97/8652] https://yapimaks.com/20-ciftli-kelepce-pprc-kalde-p4854
2026-03-23 22:29:55 [INFO] [4854] '20 ÇİFTLİ KELEPÇE PPRC KALDE' | 5,00 TL | SKU: KALDE.3592BCK202200
2026-03-23 22:29:57 [INFO] [98/8652] https://yapimaks.com/20-filtre-disi-pprc-kalde-p4812
2026-03-23 22:29:57 [INFO] [4812] '20 FİLTRE DİŞİ PPRC KALDE' | 54,00 TL | SKU: KALDE.3222FLT200001
2026-03-23 22:29:59 [INFO] [99/8652] https://yapimaks.com/20-kapama-basligi-pprc-kalde-p4847
2026-03-23 22:29:59 [INFO] [4847] '20 KAPAMA BAŞLIĞI PPRC KALDE' | 4,00 TL | SKU: KALDE.3292STE200000
2026-03-23 22:30:01 [INFO] [100/8652] https://yapimaks.com/20-kelepce-pprc-kalde-p4855
2026-03-23 22:30:01 [INFO] [4855] '20 KELEPÇE PPRC KALDE' | 3,00 TL | SKU: KALDE.3592BCK202201
2026-03-23 22:30:03 [INFO] [101/8652] https://yapimaks.com/20-kompozit-boru-pprc-4-m-kalde-p4766
2026-03-23 22:30:03 [INFO] [4766] '20 KOMPOZİT BORU PPRC 4 M KALDE' | 93,00 TL | SKU: KALDE.3202TFR200020
2026-03-23 22:30:05 [INFO] [102/8652] https://yapimaks.com/20-kortapa-disli-pprc-kalde-p4851
2026-03-23 22:30:05 [INFO] [4851] '20 KÖRTAPA DİŞLİ PPRC KALDE' | 2,00 TL | SKU: KALDE.3295STE200B00
2026-03-23 22:30:07 [INFO] [103/8652] https://yapimaks.com/20-kuresel-vana-pprc-kalde-p4832
2026-03-23 22:30:07 [INFO] [4832] '20 KÜRESEL VANA PPRC KALDE' | 84,00 TL | SKU: KALDE.3242VLB200003
2026-03-23 22:30:09 [INFO] [104/8652] https://yapimaks.com/20-manson-pprc-kalde-p4780
2026-03-23 22:30:09 [INFO] [4780] '20 MANŞON PPRC KALDE' | 3,00 TL | SKU: KALDE.3212MUF200000
2026-03-23 22:30:11 [INFO] [105/8652] https://yapimaks.com/20-pprc-boru-4-mt-kalde-p4762
2026-03-23 22:30:11 [INFO] [4762] '20 PPRC BORU 4 MT KALDE' | 102,00 TL | SKU: KALDE.3202TBE200000
2026-03-23 22:30:13 [INFO] [106/8652] https://yapimaks.com/20-te-pprc-kalde-p4789
2026-03-23 22:30:13 [INFO] [4789] '20 TE PPRC KALDE' | 6,00 TL | SKU: KALDE.3212TEO200000
2026-03-23 22:30:15 [INFO] [107/8652] https://yapimaks.com/25-1-2-batarya-baglantisi-ciftli-kalde-p4801
2026-03-23 22:30:15 [INFO] [4801] '25 1/2 BATARYA BAĞLANTISI ÇİFTLİ KALDE' | 120,00 TL | SKU: KALDE.3222BAT250B04
2026-03-23 22:30:17 [INFO] [108/8652] https://yapimaks.com/25-1-2-batarya-baglantisi-federli-ciftli-kalde-p4802
2026-03-23 22:30:17 [INFO] [4802] '25 1/2  BATARYA BAĞLANTISI FEDERLİ ÇİFTL' | 106,00 TL | SKU: KALDE.3222BAT250B05
2026-03-23 22:30:19 [INFO] [109/8652] https://yapimaks.com/25-1-2-batarya-baglantisi-tekli-disi-kalde-p4800
2026-03-23 22:30:19 [INFO] [4800] '25 1/2 BATARYA BAĞLANTISI TEKLİ DİŞİ KAL' | 43,00 TL | SKU: KALDE.3222BAT250B01
2026-03-23 22:30:21 [INFO] [110/8652] https://yapimaks.com/25-1-2-dis-disli-dirsek-pprc-kalde-p4809
2026-03-23 22:30:21 [INFO] [4809] '25 1/2 DIŞ DİŞLİ DİRSEK PPRC KALDE' | 45,00 TL | SKU: KALDE.3222EMO250B00
2026-03-23 22:30:23 [INFO] [111/8652] https://yapimaks.com/25-1-2-dis-disli-rekor-kalde-p4821
2026-03-23 22:30:23 [INFO] [4821] '25 1/2 DIŞ DİŞLİ REKOR KALDE' | 40,00 TL | SKU: KALDE.3222NMO250B00
2026-03-23 22:30:25 [INFO] [112/8652] https://yapimaks.com/25-1-2-ic-disli-dirsek-pprc-kalde-p4805
2026-03-23 22:30:25 [INFO] [4805] '25 1/2 İÇ DİŞLİ DİRSEK PPRC KALDE' | 34,00 TL | SKU: KALDE.3222EFO250B00
2026-03-23 22:30:27 [INFO] [113/8652] https://yapimaks.com/25-1-2-ic-disli-rekor-kalde-p4816
2026-03-23 22:30:28 [INFO] [4816] '25 1/2 İÇ DİŞLİ REKOR KALDE' | 32,00 TL | SKU: KALDE.3222NFO250B00
2026-03-23 22:30:30 [INFO] [114/8652] https://yapimaks.com/25-1-2-ic-disli-te-pprc-kalde-p4826
2026-03-23 22:30:30 [INFO] [4826] '25 1/2 İÇ DİŞLİ TE PPRC KALDE' | 39,00 TL | SKU: KALDE.3222TFO250B25
2026-03-23 22:30:32 [INFO] [115/8652] https://yapimaks.com/25-1-2-oynar-basli-rekor-dis-disli-erkek-kalde-p4837
2026-03-23 22:30:32 [INFO] [4837] '25 1/2 OYNAR BAŞLI REKOR DIŞ DİŞLİ ERKEK' | 143,00 TL | SKU: KALDE.3252TUM250B00
2026-03-23 22:30:34 [INFO] [116/8652] https://yapimaks.com/25-1-2-oynar-basli-rekor-disi-kalde-p4836
2026-03-23 22:30:34 [INFO] [4836] '25 1/2 OYNAR BAŞLI REKOR DİŞİ KALDE' | 127,00 TL | SKU: KALDE.3252TUF250B00
2026-03-23 22:30:36 [INFO] [117/8652] https://yapimaks.com/25-1-2-te-dis-disli-kalde-p4830
2026-03-23 22:30:36 [INFO] [4830] '25 1/2 TE DIŞ DİŞLİ KALDE' | 47,00 TL | SKU: KALDE.3222TMO250B25
2026-03-23 22:30:38 [INFO] [118/8652] https://yapimaks.com/25-1-rekor-oynar-basli-ic-disli-kalde-p14606
2026-03-23 22:30:38 [INFO] [14606] '25 1 REKOR OYNAR BAŞLI İÇ DİŞLİ KALDE' | 149,00 TL | SKU: KALDE.3272TUF251000
2026-03-23 22:30:40 [INFO] [119/8652] https://yapimaks.com/25-20-25-inegal-te-pprc-kalde-p4793
2026-03-23 22:30:40 [INFO] [4793] '25/20/25 İNEGAL TE PPRC KALDE' | 9,00 TL | SKU: KALDE.3212TİO252025
2026-03-23 22:30:42 [INFO] [120/8652] https://yapimaks.com/25-20-reduksiyon-pprc-kalde-p4784
2026-03-23 22:30:42 [INFO] [4784] '25/20 REDÜKSİYON PPRC KALDE' | 4,00 TL | SKU: KALDE.3212RDC252000
2026-03-23 22:30:44 [INFO] [121/8652] https://yapimaks.com/25-3-4-dis-disli-dirsek-pprc-kalde-p4810
2026-03-23 22:30:44 [INFO] [4810] '25 3/4 DIŞ DİŞLİ DİRSEK PPRC KALDE' | 61,00 TL | SKU: KALDE.3222EMO250C00
2026-03-23 22:30:46 [INFO] [122/8652] https://yapimaks.com/25-3-4-dis-disli-rekor-pprc-kalde-erkek-nipel-p4822
2026-03-23 22:30:46 [INFO] [4822] '25 3/4 DIŞ DİŞLİ REKOR PPRC KALDE(ERKEK ' | 57,00 TL | SKU: KALDE.3222NMO250C00
2026-03-23 22:30:48 [INFO] [123/8652] https://yapimaks.com/25-3-4-ic-disli-dirsek-pprc-kalde-p4806
2026-03-23 22:30:48 [INFO] [4806] '25 3/4 İÇ DİŞLİ DİRSEK PPRC KALDE' | 42,00 TL | SKU: KALDE.3222EFO250C00
2026-03-23 22:30:50 [INFO] [124/8652] https://yapimaks.com/25-3-4-ic-disli-rekor-pprc-kalde-p4817
2026-03-23 22:30:50 [INFO] [4817] '25 3/4 İÇ DİŞLİ REKOR PPRC KALDE' | 39,00 TL | SKU: KALDE.3222NFO250C00
2026-03-23 22:30:52 [INFO] [125/8652] https://yapimaks.com/25-3-4-oynar-basli-dis-disli-rekor-erkek-kalde-p11233
2026-03-23 22:30:52 [INFO] [11233] '25 3/4 OYNAR BAŞLI DIŞ DİŞLİ REKOR ERKEK' | 146,00 TL | SKU: KALDE.3272TUM250C00
2026-03-23 22:30:54 [INFO] [126/8652] https://yapimaks.com/25-3-4-rekor-oynar-basli-ic-disli-kalde-p4841
2026-03-23 22:30:54 [INFO] [4841] '25 3/4 REKOR OYNAR BAŞLI İÇ DİŞLİ KALDE' | 132,00 TL | SKU: KALDE.3272TUF250C00
2026-03-23 22:30:56 [INFO] [127/8652] https://yapimaks.com/25-3-4-te-dis-disli-pprc-kalde-p4831
2026-03-23 22:30:56 [INFO] [4831] '25 3/4 TE DIŞ DİŞLİ PPRC KALDE' | 65,00 TL | SKU: KALDE.3222TMO250C25
2026-03-23 22:30:58 [INFO] [128/8652] https://yapimaks.com/25-3-4-te-ic-disli-pprc-kalde-p4827
2026-03-23 22:30:58 [INFO] [4827] '25 3/4 TE İÇ DİŞLİ PPRC KALDE' | 46,00 TL | SKU: KALDE.3222TFO250C25
2026-03-23 22:31:00 [INFO] [129/8652] https://yapimaks.com/25-45-dirsek-acik-pprc-kalde-p4775
2026-03-23 22:31:00 [INFO] [4775] '25/45 DİRSEK AÇIK PPRC KALDE' | 7,00 TL | SKU: KALDE.3212ELB250045
2026-03-23 22:31:02 [INFO] [130/8652] https://yapimaks.com/25-90-dirsek-kapali-pprc-kalde-p4774
2026-03-23 22:31:02 [INFO] [4774] '25/90 DİRSEK KAPALI PPRC KALDE' | 6,00 TL | SKU: KALDE.3212ELB250000
2026-03-23 22:31:04 [INFO] [131/8652] https://yapimaks.com/25-c-kavis-pprc-kalde-p4770
2026-03-23 22:31:05 [INFO] [4770] '25 C KAVİS PPRC KALDE' | 22,00 TL | SKU: KALDE.3202TWC250001
2026-03-23 22:31:07 [INFO] [132/8652] https://yapimaks.com/25-ciftli-klips-pprc-kalde-p4856
2026-03-23 22:31:07 [INFO] [4856] '25 ÇİFTLİ KLİPS PPRC KALDE' | 6,00 TL | SKU: KALDE.3592BCK252200
2026-03-23 22:31:09 [INFO] [133/8652] https://yapimaks.com/25-filtre-disi-pprc-kalde-p4813
2026-03-23 22:31:09 [INFO] [4813] '25 FİLTRE DİŞİ PPRC KALDE' | 82,00 TL | SKU: KALDE.3222FLT250001
2026-03-23 22:31:11 [INFO] [134/8652] https://yapimaks.com/25-kapama-basligi-pprc-kalde-p4848
2026-03-23 22:31:11 [INFO] [4848] '25 KAPAMA BAŞLIĞI PPRC KALDE' | 5,00 TL | SKU: KALDE.3292STE250000
2026-03-23 22:31:13 [INFO] [135/8652] https://yapimaks.com/25-kelepce-pprc-kalde-p4857
2026-03-23 22:31:13 [INFO] [4857] '25 KELEPÇE PPRC KALDE' | 4,00 TL | SKU: KALDE.3592BCK252701
2026-03-23 22:31:15 [INFO] [136/8652] https://yapimaks.com/25-kompozit-boru-pprc-4-m-kalde-p4767
2026-03-23 22:31:15 [INFO] [4767] '25 KOMPOZİT BORU PPRC 4 M KALDE' | 147,00 TL | SKU: KALDE.3202TFR250020
2026-03-23 22:31:17 [INFO] [137/8652] https://yapimaks.com/25-kortapa-disli-pprc-kalde-p4852
2026-03-23 22:31:17 [INFO] [4852] '25 KÖRTAPA DİŞLİ PPRC KALDE' | 5,00 TL | SKU: KALDE.3295STE250C00
2026-03-23 22:31:19 [INFO] [138/8652] https://yapimaks.com/25-kuresel-vana-pprc-kalde-p4833
2026-03-23 22:31:19 [INFO] [4833] '25 KÜRESEL VANA PPRC KALDE' | 116,00 TL | SKU: KALDE.3242VLB250003
2026-03-23 22:31:21 [INFO] [139/8652] https://yapimaks.com/25-manson-pprc-kalde-p4781
2026-03-23 22:31:21 [INFO] [4781] '25 MANŞON PPRC KALDE' | 4,00 TL | SKU: KALDE.3212MUF250000
2026-03-23 22:31:23 [INFO] [140/8652] https://yapimaks.com/25-pprc-boru-4-mt-kalde-p4763
2026-03-23 22:31:23 [INFO] [4763] '25 PPRC BORU 4 MT KALDE' | 155,00 TL | SKU: KALDE.3202TBE250000
2026-03-23 22:31:25 [INFO] [141/8652] https://yapimaks.com/25-te-pprc-kalde-p4790
2026-03-23 22:31:25 [INFO] [4790] '25 TE PPRC KALDE' | 8,00 TL | SKU: KALDE.3212TEO250000
2026-03-23 22:31:27 [INFO] [142/8652] https://yapimaks.com/32-1-dirsek-dis-disli-pprc-kalde-p4811
2026-03-23 22:31:27 [INFO] [4811] '32 1 DİRSEK DIŞ DİŞLİ PPRC KALDE' | 102,00 TL | SKU: KALDE.3222EMO321000
2026-03-23 22:31:29 [INFO] [143/8652] https://yapimaks.com/32-1-dis-disli-rekor-pprc-kalde-p4823
2026-03-23 22:31:29 [INFO] [4823] '32 1 DIŞ DİŞLİ REKOR PPRC KALDE' | 92,00 TL | SKU: KALDE.3222NMO321000
2026-03-23 22:31:31 [INFO] [144/8652] https://yapimaks.com/32-1-ic-disli-dirsek-pprc-kalde-p4807
2026-03-23 22:31:31 [INFO] [4807] '32 1 İÇ DİŞLİ DİRSEK PPRC KALDE' | 78,00 TL | SKU: KALDE.3222EFO321000
2026-03-23 22:31:33 [INFO] [145/8652] https://yapimaks.com/32-1-ic-disli-rekor-pprc-kalde-p4818
2026-03-23 22:31:33 [INFO] [4818] '32 1 İÇ DİŞLİ REKOR PPRC KALDE' | 75,00 TL | SKU: KALDE.3222NFO321000
2026-03-23 22:31:35 [INFO] [146/8652] https://yapimaks.com/32-1-oynar-basli-dis-disli-kalde-p4845
2026-03-23 22:31:35 [INFO] [4845] '32 1 OYNAR BAŞLI DIŞ DİŞLİ KALDE' | 185,00 TL | SKU: KALDE.3272TUM321000
2026-03-23 22:31:37 [INFO] [147/8652] https://yapimaks.com/32-1-rekor-oynar-basli-ic-disli-kalde-p4842
2026-03-23 22:31:38 [INFO] [4842] '32 1 REKOR OYNAR BAŞLI İÇ DİŞLİ KALDE' | 163,00 TL | SKU: KALDE.3272TUF321000
2026-03-23 22:31:40 [INFO] [148/8652] https://yapimaks.com/32-1-te-ic-disli-pprc-kalde-p4828
2026-03-23 22:31:40 [INFO] [4828] '32 1 TE İÇ DİŞLİ PPRC KALDE' | 82,00 TL | SKU: KALDE.3222TFO321032
2026-03-23 22:31:42 [INFO] [149/8652] https://yapimaks.com/32-20-32-inegal-te-pprc-kalde-p4794
2026-03-23 22:31:42 [INFO] [4794] '32/20/32 İNEGAL TE PPRC KALDE' | 16,00 TL | SKU: KALDE.3212TİO322032
2026-03-23 22:31:44 [INFO] [150/8652] https://yapimaks.com/32-20-reduksiyon-pprc-kalde-p4785
2026-03-23 22:31:44 [INFO] [4785] '32/20 REDÜKSİYON PPRC KALDE' | 5,00 TL | SKU: KALDE.3212RDC322000
2026-03-23 22:31:46 [INFO] [151/8652] https://yapimaks.com/32-25-32-inegal-te-pprc-kalde-p4761
2026-03-23 22:31:46 [INFO] [4761] '32/25/32 İNEGAL TE PPRC KALDE' | 17,00 TL | SKU: KALDE.3212TİO322532
2026-03-23 22:31:48 [INFO] [152/8652] https://yapimaks.com/32-25-reduksiyon-pprc-kalde-p4786
2026-03-23 22:31:48 [INFO] [4786] '32/25 REDÜKSİYON PPRC KALDE' | 5,00 TL | SKU: KALDE.3212RDC322500
2026-03-23 22:31:50 [INFO] [153/8652] https://yapimaks.com/32-45-dirsek-acik-pprc-kalde-p4777
2026-03-23 22:31:50 [INFO] [4777] '32/45 DİRSEK AÇIK PPRC KALDE' | 12,00 TL | SKU: KALDE.3212ELB320045
2026-03-23 22:31:52 [INFO] [154/8652] https://yapimaks.com/32-90-dirsek-kapali-pprc-kalde-p4776
2026-03-23 22:31:52 [INFO] [4776] '32/90 DİRSEK KAPALI PPRC KALDE' | 11,00 TL | SKU: KALDE.3212ELB320000
2026-03-23 22:31:54 [INFO] [155/8652] https://yapimaks.com/32-c-kavis-pvc-kalde-p4771
2026-03-23 22:31:54 [INFO] [4771] '32 C KAVİS PVC KALDE' | 51,00 TL | SKU: KALDE.3202TWC320001
2026-03-23 22:31:56 [INFO] [156/8652] https://yapimaks.com/32-ciftli-klips-pprc-kalde-p4858
2026-03-23 22:31:56 [INFO] [4858] '32 ÇİFTLİ KLİPS PPRC KALDE' | 7,00 TL | SKU: KALDE.3592BCK323400
2026-03-23 22:31:58 [INFO] [157/8652] https://yapimaks.com/32-kapama-basligi-pprc-kalde-p4849
2026-03-23 22:31:58 [INFO] [4849] '32 KAPAMA BAŞLIĞI PPRC KALDE' | 8,00 TL | SKU: KALDE.3292STE320000
2026-03-23 22:32:00 [INFO] [158/8652] https://yapimaks.com/32-kelepce-pprc-kalde-p4859
2026-03-23 22:32:00 [INFO] [4859] '32 KELEPÇE PPRC KALDE' | 4,00 TL | SKU: KALDE.3592BCK323401
2026-03-23 22:32:02 [INFO] [159/8652] https://yapimaks.com/32-kompozit-boru-pprc-4-m-kalde-p4768
2026-03-23 22:32:02 [INFO] [4768] '32 KOMPOZİT BORU PPRC 4 M KALDE' | 233,00 TL | SKU: KALDE.3202TFR320020
2026-03-23 22:32:04 [INFO] [160/8652] https://yapimaks.com/32-kortapa-pprc-kalde-p4853
2026-03-23 22:32:04 [INFO] [4853] '32 KÖRTAPA PPRC KALDE' | 10,00 TL | SKU: KALDE.3295STE321000
2026-03-23 22:32:06 [INFO] [161/8652] https://yapimaks.com/32-kuresel-vana-pprc-kalde-p4834
2026-03-23 22:32:06 [INFO] [4834] '32 KÜRESEL VANA PPRC KALDE' | 172,00 TL | SKU: KALDE.3242VLB320003
2026-03-23 22:32:08 [INFO] [162/8652] https://yapimaks.com/32-manson-pprc-kalde-p4782
2026-03-23 22:32:08 [INFO] [4782] '32 MANŞON PPRC KALDE' | 8,00 TL | SKU: KALDE.3212MUF320000
2026-03-23 22:32:10 [INFO] [163/8652] https://yapimaks.com/32-pprc-boru-4-mt-kalde-p4764
2026-03-23 22:32:11 [INFO] [4764] '32 PPRC BORU 4 MT KALDE' | 258,00 TL | SKU: KALDE.3202TBE320000
2026-03-23 22:32:13 [INFO] [164/8652] https://yapimaks.com/32-te-pprc-kalde-p4791
2026-03-23 22:32:13 [INFO] [4791] '32 TE PPRC KALDE' | 15,00 TL | SKU: KALDE.3212TEO320000
2026-03-23 22:32:15 [INFO] [165/8652] https://yapimaks.com/40-1-1-4-ic-disli-rekor-alti-kose-pprc-kalde-p4819
2026-03-23 22:32:15 [INFO] [4819] '40 1 1/4 İÇ DİŞLİ REKOR ALTI KÖŞE PPRC K' | 158,00 TL | SKU: KALDE.3222NFO401A06
2026-03-23 22:32:17 [INFO] [166/8652] https://yapimaks.com/40-11-4-dis-disli-rekor-pprc-kalde-p4824
2026-03-23 22:32:17 [INFO] [4824] '40 11/4 DIŞ DİŞLİ REKOR PPRC KALDE' | 200,00 TL | SKU: KALDE.3222NMO401A06
2026-03-23 22:32:19 [INFO] [167/8652] https://yapimaks.com/40-11-4-rekor-oynar-basli-dis-disli-kalde-p4846
2026-03-23 22:32:19 [INFO] [4846] '40 11/4 REKOR OYNAR BAŞLI DIŞ DİŞLİ KALD' | 290,00 TL | SKU: KALDE.3272TUM401A00
2026-03-23 22:32:21 [INFO] [168/8652] https://yapimaks.com/40-11-4-rekor-oynar-basli-ic-disli-kalde-p4843
2026-03-23 22:32:21 [INFO] [4843] '40 11/4 REKOR OYNAR BAŞLI İÇ DİŞLİ KALDE' | 278,00 TL | SKU: KALDE.3272TUF401A00
2026-03-23 22:32:23 [INFO] [169/8652] https://yapimaks.com/40-20-40-inegal-te-pprc-kalde-p4795
2026-03-23 22:32:23 [INFO] [4795] '40/20/40 İNEGAL TE PPRC KALDE' | 25,00 TL | SKU: KALDE.3212TİO402040
2026-03-23 22:32:25 [INFO] [170/8652] https://yapimaks.com/40-20-reduksiyon-pprc-kalde-p4787
2026-03-23 22:32:25 [INFO] [4787] '40/20 REDÜKSİYON PPRC KALDE' | 9,00 TL | SKU: KALDE.3212RDC402000
2026-03-23 22:32:27 [INFO] [171/8652] https://yapimaks.com/40-25-40-inegal-te-pprc-kalde-p4796
2026-03-23 22:32:27 [INFO] [4796] '40/25/40 İNEGAL TE PPRC KALDE' | 26,00 TL | SKU: KALDE.3212TİO402540
2026-03-23 22:32:29 [INFO] [172/8652] https://yapimaks.com/40-25-reduksiyon-pprc-kalde-p4788
2026-03-23 22:32:29 [INFO] [4788] '40/25 REDÜKSİYON PPRC KALDE' | 9,00 TL | SKU: KALDE.3212RDF402500
2026-03-23 22:32:31 [INFO] [173/8652] https://yapimaks.com/40-32-40-inegal-te-pprc-kalde-p4797
2026-03-23 22:32:31 [INFO] [4797] '40/32/40 İNEGAL TE PPRC KALDE' | 26,00 TL | SKU: KALDE.3212TİO403240
2026-03-23 22:32:33 [INFO] [174/8652] https://yapimaks.com/40-32-reduksiyon-pprc-kalde-p4759
2026-03-23 22:32:33 [INFO] [4759] '40/32 REDÜKSİYON PPRC KALDE' | 10,00 TL | SKU: KALDE.3212RDC403200
2026-03-23 22:32:35 [INFO] [175/8652] https://yapimaks.com/40-45-dirsek-acik-pprc-kalde-p4779
2026-03-23 22:32:35 [INFO] [4779] '40/45 DİRSEK AÇIK PPRC KALDE' | 21,00 TL | SKU: KALDE.3212ELB400045
2026-03-23 22:32:37 [INFO] [176/8652] https://yapimaks.com/40-90-dirsek-kapali-pprc-kalde-p4778
2026-03-23 22:32:37 [INFO] [4778] '40/90 DİRSEK KAPALI PPRC KALDE' | 21,00 TL | SKU: KALDE.3212ELB400000
2026-03-23 22:32:39 [INFO] [177/8652] https://yapimaks.com/40-kapama-basligi-pprc-kalde-p4850
2026-03-23 22:32:39 [INFO] [4850] '40 KAPAMA BAŞLIĞI PPRC KALDE' | 14,00 TL | SKU: KALDE.3292STE400000
2026-03-23 22:32:41 [INFO] [178/8652] https://yapimaks.com/40-kelepce-pprc-kalde-p4860
2026-03-23 22:32:41 [INFO] [4860] '40 KELEPÇE PPRC KALDE' | 5,00 TL | SKU: KALDE.3592BCK404201
2026-03-23 22:32:43 [INFO] [179/8652] https://yapimaks.com/40-kuresel-vana-pprc-kalde-p4835
2026-03-23 22:32:43 [INFO] [4835] '40 KÜRESEL VANA PPRC KALDE' | 359,00 TL | SKU: KALDE.3242VLB400003
2026-03-23 22:32:45 [INFO] [180/8652] https://yapimaks.com/40-manson-pprc-kalde-p4783
2026-03-23 22:32:46 [INFO] [4783] '40 MANŞON PPRC KALDE' | 14,00 TL | SKU: KALDE.3212MUF400000
2026-03-23 22:32:48 [INFO] [181/8652] https://yapimaks.com/40-pprc-boru-4-mt-kalde-p4765
2026-03-23 22:32:48 [INFO] [4765] '40 PPRC BORU 4 MT KALDE' | 399,00 TL | SKU: KALDE.3202TBE400000
2026-03-23 22:32:50 [INFO] [182/8652] https://yapimaks.com/40-te-pprc-kalde-p4792
2026-03-23 22:32:50 [INFO] [4792] '40 TE PPRC KALDE' | 28,00 TL | SKU: KALDE.3212TEO400000
2026-03-23 22:32:52 [INFO] [183/8652] https://yapimaks.com/404-plastik-celik-44-gr-p13359
2026-03-23 22:32:52 [INFO] [13359] '404 PLASTİK ÇELİK 44 GR.' | 65,00 TL | SKU: 404.A06002
2026-03-23 22:32:54 [INFO] [184/8652] https://yapimaks.com/404-power-mix-80-gr-p13360
2026-03-23 22:32:54 [INFO] [13360] '404 POWER MİX 80 GR' | 135,00 TL | SKU: 404.A06006
2026-03-23 22:32:56 [INFO] [185/8652] https://yapimaks.com/404-yapgit-50-gr-pvc-yapistirici-p13361
2026-03-23 22:32:56 [INFO] [13361] '404 YAPGİT 50 GR PVC YAPIŞTIRICI' | 65,00 TL | SKU: 404.A06009
2026-03-23 22:32:58 [INFO] [186/8652] https://yapimaks.com/50-1-1-2-dis-disli-rekor-kalde-p14607
2026-03-23 22:32:58 [INFO] [14607] '50 1 1/2 DIŞ DİŞLİ REKOR KALDE' | 32,00 TL | SKU: KALDE.3222NMO500B01
2026-03-23 22:33:00 [INFO] [187/8652] https://yapimaks.com/50-1-1-2-ic-disli-rekor-alti-kose-pprc-kalde-p14996
2026-03-23 22:33:00 [INFO] [14996] '50 1 1/2 İÇ DİŞLİ REKOR ALTI KÖŞE PPRC K' | 214,00 TL | SKU: KALDE.3222NFO501B06
2026-03-23 22:33:02 [INFO] [188/8652] https://yapimaks.com/50-1000-pis-su-boru-pprc-kalde-p4865
2026-03-23 22:33:02 [INFO] [4865] '50/1000 PİS SU BORU PPRC KALDE' | 72,00 TL | SKU: KALDE.5203TBE0K1000
2026-03-23 22:33:04 [INFO] [189/8652] https://yapimaks.com/50-150-pis-su-boru-kalde-p4879
2026-03-23 22:33:04 [INFO] [4879] '50/150 PİS SU BORU KALDE' | 19,00 TL | SKU: KALDE.5203TBEXK0150
2026-03-23 22:33:06 [INFO] [190/8652] https://yapimaks.com/50-2000-pis-su-boru-pprc-kalde-p11012
2026-03-23 22:33:06 [INFO] [11012] '50/2000 PİS SU BORU PPRC KALDE' | 128,00 TL | SKU: KALDE.5203TBE0K2000
2026-03-23 22:33:08 [INFO] [191/8652] https://yapimaks.com/50-250-pis-su-boru-kalde-p4880
2026-03-23 22:33:08 [INFO] [4880] '50/250 PİS SU BORU KALDE' | 30,00 TL | SKU: KALDE.5203TBEXK0250
2026-03-23 22:33:10 [INFO] [192/8652] https://yapimaks.com/50-3000-pis-su-boru-kalde-p4872
2026-03-23 22:33:10 [INFO] [4872] '50/3000 PİS SU BORU KALDE' | 189,00 TL | SKU: KALDE.5203TBE0K3000
2026-03-23 22:33:12 [INFO] [193/8652] https://yapimaks.com/50-45-pis-su-pvc-dirsek-kalde-p4894
2026-03-23 22:33:12 [INFO] [4894] '50/45 PİS SU PVC DİRSEK KALDE' | 14,00 TL | SKU: KALDE.5213ELB0K0045
2026-03-23 22:33:14 [INFO] [194/8652] https://yapimaks.com/50-50-50-cift-catal-pis-su-45-pvc-kalde-p10812
2026-03-23 22:33:14 [INFO] [10812] '50/50/50 ÇİFT ÇATAL PİS SU 45 PVC KALDE' | 52,00 TL | SKU: KALDE.5213DBR0K0K45
2026-03-23 22:33:16 [INFO] [195/8652] https://yapimaks.com/50-50-catal-pis-su-pvc-kalde-p4911
2026-03-23 22:33:16 [INFO] [4911] '50/50 ÇATAL PİS SU PVC KALDE' | 28,00 TL | SKU: KALDE.5213SBR0K0K45
2026-03-23 22:33:18 [INFO] [196/8652] https://yapimaks.com/50-50-te-pis-su-pvc-kalde-p4912
2026-03-23 22:33:18 [INFO] [4912] '50/50 TE PİS SU PVC KALDE' | 30,00 TL | SKU: KALDE.5213SBR0K0K87
2026-03-23 22:33:20 [INFO] [197/8652] https://yapimaks.com/50-500-pis-su-boru-pprc-kalde-p4881
2026-03-23 22:33:21 [INFO] [4881] '50/500 PİS SU BORU PPRC KALDE' | 46,00 TL | SKU: KALDE.5203TBEXK0500
2026-03-23 22:33:23 [INFO] [198/8652] https://yapimaks.com/50-90-pis-su-pvc-dirsek-kalde-p4895
2026-03-23 22:33:23 [INFO] [4895] '50/90 PİS SU PVC DİRSEK KALDE' | 17,00 TL | SKU: KALDE.5213ELB0K0090
2026-03-23 22:33:25 [INFO] [199/8652] https://yapimaks.com/50-kayar-manson-pis-su-kalde-p4920
2026-03-23 22:33:25 [INFO] [4920] '50 KAYAR MANŞON PİS SU KALDE' | 20,00 TL | SKU: KALDE.5213SOC0K0000
2026-03-23 22:33:27 [INFO] [200/8652] https://yapimaks.com/50-kelepce-pis-su-pvc-kalde-p4886
2026-03-23 22:33:27 [INFO] [4886] '50 KELEPÇE PİS SU PVC KALDE' | 7,00 TL | SKU: KALDE.5213BCC0K0000
2026-03-23 22:33:29 [INFO] [201/8652] https://yapimaks.com/50-lik-conta-kalde-p4907
2026-03-23 22:33:29 [INFO] [4907] '50 LİK CONTA KALDE' | 4,00 TL | SKU: KALDE.5213RUR0K0000
2026-03-23 22:33:31 [INFO] [202/8652] https://yapimaks.com/50-tapa-pis-su-pvc-kalde-p4926
2026-03-23 22:33:31 [INFO] [4926] '50 TAPA PİS SU PVC KALDE' | 11,00 TL | SKU: KALDE.5213STE0K0000
2026-03-23 22:33:33 [INFO] [203/8652] https://yapimaks.com/70-1000-pis-su-boru-kalde-p4866
2026-03-23 22:33:33 [INFO] [4866] '70/1000 PİS SU BORU KALDE' | 102,00 TL | SKU: KALDE.5203TBE0L1000
2026-03-23 22:33:35 [INFO] [204/8652] https://yapimaks.com/70-150-pis-su-boru-kalde-p4882
2026-03-23 22:33:35 [INFO] [4882] '70/150 PİS SU BORU KALDE' | 33,00 TL | SKU: KALDE.5203TBEXL0150
2026-03-23 22:33:37 [INFO] [205/8652] https://yapimaks.com/70-2000-pis-su-boru-kalde-p4867
2026-03-23 22:33:37 [INFO] [4867] '70/2000 PİS SU BORU KALDE' | 181,00 TL | SKU: KALDE.5203TBE0L2000
2026-03-23 22:33:39 [INFO] [206/8652] https://yapimaks.com/70-250-pis-su-borusu-kalde-p4883
2026-03-23 22:33:39 [INFO] [4883] '70/250 PİS SU BORUSU KALDE' | 47,00 TL | SKU: KALDE.5203TBEXL0250
2026-03-23 22:33:41 [INFO] [207/8652] https://yapimaks.com/70-3000-pis-su-boru-kalde-p4868
2026-03-23 22:33:41 [INFO] [4868] '70/3000 PİS SU BORU KALDE' | 268,00 TL | SKU: KALDE.5203TBE0L3000
2026-03-23 22:33:43 [INFO] [208/8652] https://yapimaks.com/70-45-pis-su-pvc-dirsek-kalde-p4896
2026-03-23 22:33:43 [INFO] [4896] '70/45 PİS SU PVC DİRSEK KALDE' | 25,00 TL | SKU: KALDE.5213ELB0L0045
2026-03-23 22:33:45 [INFO] [209/8652] https://yapimaks.com/70-50-catal-pis-su-pvc-kalde-p4898
2026-03-23 22:33:45 [INFO] [4898] '70/50 ÇATAL PİS SU PVC KALDE' | 42,00 TL | SKU: KALDE.5213SBR0L0K45
2026-03-23 22:33:47 [INFO] [210/8652] https://yapimaks.com/70-50-reduksiyon-pis-su-pvc-kalde-p4903
2026-03-23 22:33:47 [INFO] [4903] '70/50 REDÜKSİYON PİS SU PVC KALDE' | 22,00 TL | SKU: KALDE.5213RDC0L0K00
2026-03-23 22:33:49 [INFO] [211/8652] https://yapimaks.com/70-500-pis-su-boru-pprc-kalde-p4864
2026-03-23 22:33:49 [WARNING] Session süresi dolmus, yenileniyor...
2026-03-23 22:33:49 [ERROR] [https://yapimaks.com/70-500-pis-su-boru-pprc-kalde-p4864] Hata: 429 Client Error: Too Many Requests for url: https://yapimaks.com/api/tr/v1/layouts/b2c/products/4864.json
2026-03-23 22:33:51 [INFO] [212/8652] https://yapimaks.com/70-70-catal-pis-su-pvc-kalde-p4913
2026-03-23 22:33:51 [WARNING] Session süresi dolmus, yenileniyor...
2026-03-23 22:33:52 [ERROR] [https://yapimaks.com/70-70-catal-pis-su-pvc-kalde-p4913] Hata: 429 Client Error: Too Many Requests for url: https://yapimaks.com/api/tr/v1/layouts/b2c/products/4913.json
2026-03-23 22:33:54 [INFO] [213/8652] https://yapimaks.com/70-90-pis-su-pvc-dirsek-kalde-p4897
2026-03-23 22:33:54 [WARNING] Session süresi dolmus, yenileniyor...
2026-03-23 22:33:54 [ERROR] [https://yapimaks.com/70-90-pis-su-pvc-dirsek-kalde-p4897] Hata: 429 Client Error: Too Many Requests for url: https://yapimaks.com/api/tr/v1/layouts/b2c/products/4897.json
2026-03-23 22:33:56 [INFO] [214/8652] https://yapimaks.com/70-kayar-manson-pis-su-pvc-kalde-p4921
2026-03-23 22:33:56 [WARNING] Session süresi dolmus, yenileniyor...
2026-03-23 22:33:56 [ERROR] [https://yapimaks.com/70-kayar-manson-pis-su-pvc-kalde-p4921] Hata: 429 Client Error: Too Many Requests for url: https://yapimaks.com/api/tr/v1/layouts/b2c/products/4921.json
2026-03-23 22:33:58 [INFO] [215/8652] https://yapimaks.com/70-kelepce-pis-su-pvc-kalde-p4887
2026-03-23 22:33:58 [WARNING] Session süresi dolmus, yenileniyor...
2026-03-23 22:33:58 [ERROR] [https://yapimaks.com/70-kelepce-pis-su-pvc-kalde-p4887] Hata: 429 Client Error: Too Many Requests for url: https://yapimaks.com/api/tr/v1/layouts/b2c/products/4887.json
2026-03-23 22:34:00 [INFO] [216/8652] https://yapimaks.com/70-lik-conta-kalde-p4908
2026-03-23 22:34:00 [WARNING] Session süresi dolmus, yenileniyor...
2026-03-23 22:34:00 [ERROR] [https://yapimaks.com/70-lik-conta-kalde-p4908] Hata: 429 Client Error: Too Many Requests for url: https://yapimaks.com/api/tr/v1/layouts/b2c/products/4908.json
2026-03-23 22:34:02 [INFO] [217/8652] https://yapimaks.com/70-tapa-pis-su-kalde-p4927
2026-03-23 22:34:02 [WARNING] Session süresi dolmus, yenileniyor...
2026-03-23 22:34:02 [ERROR] [https://yapimaks.com/70-tapa-pis-su-kalde-p4927] Hata: 429 Client Error: Too Many Requests for url: https://yapimaks.com/api/tr/v1/layouts/b2c/products/4927.json
2026-03-23 22:34:04 [INFO] [218/8652] https://yapimaks.com/75-32-75-inegal-te-pprc-kalde-p12523
2026-03-23 22:34:04 [WARNING] Session süresi dolmus, yenileniyor...
2026-03-23 22:34:05 [ERROR] [https://yapimaks.com/75-32-75-inegal-te-pprc-kalde-p12523] Hata: 429 Client Error: Too Many Requests for url: https://yapimaks.com/api/tr/v1/layouts/b2c/products/12523.json
2026-03-23 22:34:07 [INFO] [219/8652] https://yapimaks.com/ac-kapa-kapak-takimi-p4376
2026-03-23 22:34:07 [WARNING] Session süresi dolmus, yenileniyor...
2026-03-23 22:34:07 [ERROR] [https://yapimaks.com/ac-kapa-kapak-takimi-p4376] Hata: 429 Client Error: Too Many Requests for url: https://yapimaks.com/api/tr/v1/layouts/b2c/products/4376.json
2026-03-23 22:34:09 [INFO] [220/8652] https://yapimaks.com/aci-olcer-miknatisli-360-derece-bts-12103-p13502
2026-03-23 22:34:09 [WARNING] Session süresi dolmus, yenileniyor...
2026-03-23 22:34:09 [ERROR] [https://yapimaks.com/aci-olcer-miknatisli-360-derece-bts-12103-p13502] Hata: 429 Client Error: Too Many Requests for url: https://yapimaks.com/api/tr/v1/layouts/b2c/products/13502.json
2026-03-23 22:34:11 [INFO] [221/8652] https://yapimaks.com/acik-agiz-anahtar-14-15-jaws-eltos-p3078
2026-03-23 22:34:11 [WARNING] Session süresi dolmus, yenileniyor...
2026-03-23 22:34:11 [ERROR] [https://yapimaks.com/acik-agiz-anahtar-14-15-jaws-eltos-p3078] Hata: 429 Client Error: Too Many Requests for url: https://yapimaks.com/api/tr/v1/layouts/b2c/products/3078.json
2026-03-23 22:34:13 [INFO] [222/8652] https://yapimaks.com/acik-agiz-anahtar-16-17-jaws-eltos-p3079
2026-03-23 22:34:13 [WARNING] Session süresi dolmus, yenileniyor...
2026-03-23 22:34:13 [ERROR] [https://yapimaks.com/acik-agiz-anahtar-16-17-jaws-eltos-p3079] Hata: 429 Client Error: Too Many Requests for url: https://yapimaks.com/api/tr/v1/layouts/b2c/products/3079.json
2026-03-23 22:34:15 [INFO] [223/8652] https://yapimaks.com/acik-agiz-anahtar-18-19-jaws-eltos-p3080
2026-03-23 22:34:15 [WARNING] Session süresi dolmus, yenileniyor...
2026-03-23 22:34:15 [ERROR] [https://yapimaks.com/acik-agiz-anahtar-18-19-jaws-eltos-p3080] Hata: 429 Client Error: Too Many Requests for url: https://yapimaks.com/api/tr/v1/layouts/b2c/products/3080.json
2026-03-23 22:34:17 [INFO] [224/8652] https://yapimaks.com/acik-agiz-anahtar-20-22-jaws-eltos-p3081
2026-03-23 22:34:17 [WARNING] Session süresi dolmus, yenileniyor...
2026-03-23 22:34:17 [ERROR] [https://yapimaks.com/acik-agiz-anahtar-20-22-jaws-eltos-p3081] Hata: 429 Client Error: Too Many Requests for url: https://yapimaks.com/api/tr/v1/layouts/b2c/products/3081.json
2026-03-23 22:34:19 [INFO] [225/8652] https://yapimaks.com/acik-agiz-anahtar-6-7-jaws-eltos-p3074
2026-03-23 22:34:19 [WARNING] Session süresi dolmus, yenileniyor...
2026-03-23 22:34:20 [ERROR] [https://yapimaks.com/acik-agiz-anahtar-6-7-jaws-eltos-p3074] Hata: 429 Client Error: Too Many Requests for url: https://yapimaks.com/api/tr/v1/layouts/b2c/products/3074.json
2026-03-23 22:34:22 [INFO] [226/8652] https://yapimaks.com/acik-agiz-anahtar-8-9-jaws-eltos-p3075
2026-03-23 22:34:22 [WARNING] Session süresi dolmus, yenileniyor...
2026-03-23 22:34:22 [ERROR] [https://yapimaks.com/acik-agiz-anahtar-8-9-jaws-eltos-p3075] Hata: 429 Client Error: Too Many Requests for url: https://yapimaks.com/api/tr/v1/layouts/b2c/products/3075.json
2026-03-23 22:34:24 [INFO] [227/8652] https://yapimaks.com/acik-kagitlik-eko-p1826
2026-03-23 22:34:24 [WARNING] Session süresi dolmus, yenileniyor...
2026-03-23 22:34:24 [ERROR] [https://yapimaks.com/acik-kagitlik-eko-p1826] Hata: 429 Client Error: Too Many Requests for url: https://yapimaks.com/api/tr/v1/layouts/b2c/products/1826.json
2026-03-23 22:34:26 [INFO] [228/8652] https://yapimaks.com/acil-cikis-tabelasi-sag-panther-pt-190-p15116
2026-03-23 22:34:26 [WARNING] Session süresi dolmus, yenileniyor...
2026-03-23 22:34:26 [ERROR] [https://yapimaks.com/acil-cikis-tabelasi-sag-panther-pt-190-p15116] Hata: 429 Client Error: Too Many Requests for url: https://yapimaks.com/api/tr/v1/layouts/b2c/products/15116.json
2026-03-23 22:34:28 [INFO] [229/8652] https://yapimaks.com/acil-stop-kumanda-kutusu-butonu-p14830
2026-03-23 22:34:28 [WARNING] Session süresi dolmus, yenileniyor...
2026-03-23 22:34:28 [ERROR] [https://yapimaks.com/acil-stop-kumanda-kutusu-butonu-p14830] Hata: 429 Client Error: Too Many Requests for url: https://yapimaks.com/api/tr/v1/layouts/b2c/products/14830.json
2026-03-23 22:34:30 [INFO] [230/8652] https://yapimaks.com/acili-cektirme-seffaf-t-baglanti-100-adet-p6509
2026-03-23 22:34:30 [WARNING] Session süresi dolmus, yenileniyor...
2026-03-23 22:34:30 [ERROR] [https://yapimaks.com/acili-cektirme-seffaf-t-baglanti-100-adet-p6509] Hata: 429 Client Error: Too Many Requests for url: https://yapimaks.com/api/tr/v1/layouts/b2c/products/6509.json
2026-03-23 22:34:32 [INFO] [231/8652] https://yapimaks.com/adaptor-takoz-conta-p5047
2026-03-23 22:34:32 [WARNING] Session süresi dolmus, yenileniyor...
2026-03-23 22:34:33 [ERROR] [https://yapimaks.com/adaptor-takoz-conta-p5047] Hata: 429 Client Error: Too Many Requests for url: https://yapimaks.com/api/tr/v1/layouts/b2c/products/5047.json
2026-03-23 22:34:35 [INFO] [232/8652] https://yapimaks.com/adertek-yapistirma-alci-25-kg-p1928
2026-03-23 22:34:35 [WARNING] Session süresi dolmus, yenileniyor...
2026-03-23 22:34:35 [ERROR] [https://yapimaks.com/adertek-yapistirma-alci-25-kg-p1928] Hata: 429 Client Error: Too Many Requests for url: https://yapimaks.com/api/tr/v1/layouts/b2c/products/1928.json
2026-03-23 22:34:37 [INFO] [233/8652] https://yapimaks.com/adertek-yapistirma-alcisi-1-kg-p1946
2026-03-23 22:34:37 [WARNING] Session süresi dolmus, yenileniyor...
2026-03-23 22:34:37 [ERROR] [https://yapimaks.com/adertek-yapistirma-alcisi-1-kg-p1946] Hata: 429 Client Error: Too Many Requests for url: https://yapimaks.com/api/tr/v1/layouts/b2c/products/1946.json
2026-03-23 22:34:39 [INFO] [234/8652] https://yapimaks.com/agac-kesim-motorlu-benzinli-testere-41cc-1-9hp-kama-kmr41-p14029
2026-03-23 22:34:39 [WARNING] Session süresi dolmus, yenileniyor...
2026-03-23 22:34:39 [ERROR] [https://yapimaks.com/agac-kesim-motorlu-benzinli-testere-41cc-1-9hp-kama-kmr41-p14029] Hata: 429 Client Error: Too Many Requests for url: https://yapimaks.com/api/tr/v1/layouts/b2c/products/14029.json
2026-03-23 22:34:41 [INFO] [235/8652] https://yapimaks.com/agac-kesim-motorlu-test-elektrik-ex75043a-p3250
2026-03-23 22:34:41 [WARNING] Session süresi dolmus, yenileniyor...
2026-03-23 22:34:41 [ERROR] [https://yapimaks.com/agac-kesim-motorlu-test-elektrik-ex75043a-p3250] Hata: 429 Client Error: Too Many Requests for url: https://yapimaks.com/api/tr/v1/layouts/b2c/products/3250.json
2026-03-23 22:34:43 [INFO] [236/8652] https://yapimaks.com/agac-kesim-motorlu-testere-46cc-kama-p11244
2026-03-23 22:34:43 [WARNING] Session süresi dolmus, yenileniyor...
2026-03-23 22:34:43 [ERROR] [https://yapimaks.com/agac-kesim-motorlu-testere-46cc-kama-p11244] Hata: 429 Client Error: Too Many Requests for url: https://yapimaks.com/api/tr/v1/layouts/b2c/products/11244.json
2026-03-23 22:34:45 [INFO] [237/8652] https://yapimaks.com/agac-kesim-motorlu-testere-factor-p14935
2026-03-23 22:34:45 [WARNING] Session süresi dolmus, yenileniyor...
2026-03-23 22:34:45 [ERROR] [https://yapimaks.com/agac-kesim-motorlu-testere-factor-p14935] Hata: 429 Client Error: Too Many Requests for url: https://yapimaks.com/api/tr/v1/layouts/b2c/products/14935.json
2026-03-23 22:34:47 [INFO] [238/8652] https://yapimaks.com/agac-kesim-motoru-benzinli-58-cc-3-8-hp-38-dis-rodex-p14030
2026-03-23 22:34:47 [WARNING] Session süresi dolmus, yenileniyor...
2026-03-23 22:34:48 [ERROR] [https://yapimaks.com/agac-kesim-motoru-benzinli-58-cc-3-8-hp-38-dis-rodex-p14030] Hata: 429 Client Error: Too Many Requests for url: https://yapimaks.com/api/tr/v1/layouts/b2c/products/14030.json
2026-03-23 22:34:50 [INFO] [239/8652] https://yapimaks.com/agac-kesim-motoru-elekt-2000w-40cm-rtrm9040-p8005
2026-03-23 22:34:50 [WARNING] Session süresi dolmus, yenileniyor...
2026-03-23 22:34:50 [ERROR] [https://yapimaks.com/agac-kesim-motoru-elekt-2000w-40cm-rtrm9040-p8005] Hata: 429 Client Error: Too Many Requests for url: https://yapimaks.com/api/tr/v1/layouts/b2c/products/8005.json
2026-03-23 22:34:52 [INFO] [240/8652] https://yapimaks.com/agora-mix-45x45-1k-1-4175m2-p2828
2026-03-23 22:34:52 [WARNING] Session süresi dolmus, yenileniyor...
2026-03-23 22:34:52 [ERROR] [https://yapimaks.com/agora-mix-45x45-1k-1-4175m2-p2828] Hata: 429 Client Error: Too Many Requests for url: https://yapimaks.com/api/tr/v1/layouts/b2c/products/2828.json
2026-03-23 22:34:54 [INFO] [241/8652] https://yapimaks.com/agora-mix-45x45-2k-1-62m2-p2829
2026-03-23 22:34:54 [WARNING] Session süresi dolmus, yenileniyor...
2026-03-23 22:34:54 [ERROR] [https://yapimaks.com/agora-mix-45x45-2k-1-62m2-p2829] Hata: 429 Client Error: Too Many Requests for url: https://yapimaks.com/api/tr/v1/layouts/b2c/products/2829.json
2026-03-23 22:34:56 [INFO] [242/8652] https://yapimaks.com/agraf-10-1-adet-500-p3953
2026-03-23 22:34:56 [WARNING] Session süresi dolmus, yenileniyor...
2026-03-23 22:34:56 [ERROR] [https://yapimaks.com/agraf-10-1-adet-500-p3953] Hata: 429 Client Error: Too Many Requests for url: https://yapimaks.com/api/tr/v1/layouts/b2c/products/3953.json
2026-03-23 22:34:58 [INFO] [243/8652] https://yapimaks.com/agraf-12-1-adet-500-p3945
2026-03-23 22:34:58 [INFO] [3945] 'AGRAF 12 1 ADET (500)' | 5,04 TL | SKU: FOUR.HNK0003
2026-03-23 22:35:00 [INFO] [244/8652] https://yapimaks.com/agraf-15-1-adet-500-p3946
2026-03-23 22:35:00 [INFO] [3946] 'AGRAF 15 1 ADET (500)' | 6,78 TL | SKU: FOUR.HNK0004
2026-03-23 22:35:02 [INFO] [245/8652] https://yapimaks.com/agraf-20-1-adet-500-p3947
2026-03-23 22:35:02 [INFO] [3947] 'AGRAF 20 1 ADET (500)' | 8,34 TL | SKU: FOUR.HNK0005
2026-03-23 22:35:04 [INFO] [246/8652] https://yapimaks.com/agraf-30-1-adet-500-p3949
2026-03-23 22:35:05 [INFO] [3949] 'AGRAF 30 1 ADET (500)' | 13,20 TL | SKU: FOUR.HNK0007
2026-03-23 22:35:07 [INFO] [247/8652] https://yapimaks.com/agraf-40-1-adet-1000-p3950
2026-03-23 22:35:07 [INFO] [3950] 'AGRAF 40 1 ADET  (1000)' | 15,00 TL | SKU: FOUR.HNK0008
2026-03-23 22:35:09 [INFO] [248/8652] https://yapimaks.com/agraf-7-1-adet-500-p3944
2026-03-23 22:35:09 [INFO] [3944] 'AGRAF 7 1 ADET (500)' | 3,90 TL | SKU: FOUR.HNK0001
2026-03-23 22:35:11 [INFO] [249/8652] https://yapimaks.com/agraf-vidasi-4-2x16-mm-500-p14889
2026-03-23 22:35:11 [INFO] [14889] 'AGRAF VİDASI 4.2X16 MM  (500)' | 290,00 TL | SKU: AKDENİZ.VAGR42016GAL
2026-03-23 22:35:13 [INFO] [250/8652] https://yapimaks.com/agt-parke-armonia-large-minori-2-037-m2-p412
2026-03-23 22:35:13 [INFO] [412] 'AGT PARKE ARMONİA LARGE MİNORİ (2,037 m2' | 729,00 TL | SKU: AGT.120016368
2026-03-23 22:35:15 [INFO] [251/8652] https://yapimaks.com/agt-parke-armonia-large-toskana-2-3763-m2-p413
2026-03-23 22:35:15 [INFO] [413] 'AGT PARKE ARMONİA LARGE TOSKANA (2,3763 ' | 799,00 TL | SKU: AGT.120016370
2026-03-23 22:35:17 [INFO] [252/8652] https://yapimaks.com/agt-parke-armonia-slim-minori-1-755-m2-p411
2026-03-23 22:35:17 [INFO] [411] 'AGT PARKE ARMONİA SLİM MİNORİ (1,755 m2)' | 629,00 TL | SKU: AGT.120016367
2026-03-23 22:35:19 [INFO] [253/8652] https://yapimaks.com/agt-parke-armonia-slim-napoli-1-755-m2-p404
2026-03-23 22:35:19 [INFO] [404] 'AGT PARKE ARMONİA SLİM NAPOLİ (1,755 m2)' | 629,00 TL | SKU: AGT.120016360
2026-03-23 22:35:21 [INFO] [254/8652] https://yapimaks.com/agt-parke-bella-akasya-neo-2-292m2-p478
2026-03-23 22:35:21 [INFO] [478] 'AGT PARKE BELLA AKASYA NEO (2,292m2)' | 785,00 TL | SKU: AGT.120028461
2026-03-23 22:35:23 [INFO] [255/8652] https://yapimaks.com/agt-parke-bella-anemon-neo-2-292m2-p476
2026-03-23 22:35:23 [INFO] [476] 'AGT PARKE BELLA ANEMON NEO (2,292m2)' | 785,00 TL | SKU: AGT.120043602
2026-03-23 22:35:25 [INFO] [256/8652] https://yapimaks.com/agt-parke-bella-defne-neo-2-292m2-p523
2026-03-23 22:35:25 [INFO] [523] 'AGT PARKE BELLA DEFNE NEO (2,292m2)' | 785,00 TL | SKU: AGT.120043597
2026-03-23 22:35:27 [INFO] [257/8652] https://yapimaks.com/agt-parke-bella-frezya-neo-2-292m2-p524
2026-03-23 22:35:27 [INFO] [524] 'AGT PARKE BELLA FREZYA NEO (2,292m2)' | 785,00 TL | SKU: AGT.120043603
2026-03-23 22:35:29 [INFO] [258/8652] https://yapimaks.com/agt-parke-bella-gardenya-2-292m2-p14654
2026-03-23 22:35:29 [INFO] [14654] 'AGT PARKE BELLA GARDENYA (2,292m2)' | 785,00 TL | SKU: AGT.120043600
2026-03-23 22:35:31 [INFO] [259/8652] https://yapimaks.com/agt-parke-bella-lilyum-neo-2-292m2-p521
2026-03-23 22:35:32 [INFO] [521] 'AGT PARKE BELLA LİLYUM NEO (2,292m2)' | 785,00 TL | SKU: AGT.120043605
2026-03-23 22:35:34 [INFO] [260/8652] https://yapimaks.com/agt-parke-bella-manolya-neo-2-292m2-p525
2026-03-23 22:35:34 [INFO] [525] 'AGT PARKE BELLA MANOLYA NEO (2.292m2)' | 785,00 TL | SKU: AGT.120043604
2026-03-23 22:35:36 [INFO] [261/8652] https://yapimaks.com/agt-parke-bella-vegas-neo-2-292m2-p526
2026-03-23 22:35:36 [INFO] [526] 'AGT PARKE BELLA VEGAS NEO (2,292m2)' | 785,00 TL | SKU: AGT.120043607
2026-03-23 22:35:38 [INFO] [262/8652] https://yapimaks.com/agt-parke-bella-yuka-neo-2-292m2-p12126
2026-03-23 22:35:38 [INFO] [12126] 'AGT PARKE BELLA YUKA NEO (2,292m2)' | 785,00 TL | SKU: AGT.120045160
2026-03-23 22:35:40 [INFO] [263/8652] https://yapimaks.com/agt-parke-concept-casella-10-mm-1-488m2-p469
2026-03-23 22:35:40 [INFO] [469] 'AGT PARKE CONCEPT CASELLA 10 MM (1,488m2' | 750,00 TL | SKU: AGT.120025269
2026-03-23 22:35:42 [INFO] [264/8652] https://yapimaks.com/agt-parke-concept-centro-10mm-1-488m2-p465
2026-03-23 22:35:42 [INFO] [465] 'AGT PARKE CONCEPT CENTRO 10MM (1,488m2)' | 750,00 TL | SKU: AGT.120025256
2026-03-23 22:35:44 [INFO] [265/8652] https://yapimaks.com/agt-parke-concept-loreto-10-mm-1-488m2-p468
2026-03-23 22:35:44 [INFO] [468] 'AGT PARKE CONCEPT LORETO 10 MM (1,488m2)' | 750,00 TL | SKU: AGT.120025268
2026-03-23 22:35:46 [INFO] [266/8652] https://yapimaks.com/agt-parke-concept-scala-10-mm-1-488m2-p467
2026-03-23 22:35:46 [WARNING] Session süresi dolmus, yenileniyor...
2026-03-23 22:35:46 [ERROR] [https://yapimaks.com/agt-parke-concept-scala-10-mm-1-488m2-p467] Hata: 429 Client Error: Too Many Requests for url: https://yapimaks.com/api/tr/v1/layouts/b2c/products/467.json
2026-03-23 22:35:48 [INFO] [267/8652] https://yapimaks.com/agt-parke-corvina-albana-2-292m2-p12135
2026-03-23 22:35:48 [WARNING] Session süresi dolmus, yenileniyor...
2026-03-23 22:35:48 [ERROR] [https://yapimaks.com/agt-parke-corvina-albana-2-292m2-p12135] Hata: 429 Client Error: Too Many Requests for url: https://yapimaks.com/api/tr/v1/layouts/b2c/products/12135.json
2026-03-23 22:35:50 [INFO] [268/8652] https://yapimaks.com/agt-parke-corvina-astera-2-292m2-p13707
2026-03-23 22:35:50 [WARNING] Session süresi dolmus, yenileniyor...
2026-03-23 22:35:50 [ERROR] [https://yapimaks.com/agt-parke-corvina-astera-2-292m2-p13707] Hata: 429 Client Error: Too Many Requests for url: https://yapimaks.com/api/tr/v1/layouts/b2c/products/13707.json
2026-03-23 22:35:52 [INFO] [269/8652] https://yapimaks.com/agt-parke-corvina-faba-2-292m2-p12133
2026-03-23 22:35:52 [WARNING] Session süresi dolmus, yenileniyor...
2026-03-23 22:35:53 [ERROR] [https://yapimaks.com/agt-parke-corvina-faba-2-292m2-p12133] Hata: 429 Client Error: Too Many Requests for url: https://yapimaks.com/api/tr/v1/layouts/b2c/products/12133.json
2026-03-23 22:35:55 [INFO] [270/8652] https://yapimaks.com/agt-parke-corvina-molette-2-292m2-p14356
2026-03-23 22:35:55 [WARNING] Session süresi dolmus, yenileniyor...
2026-03-23 22:35:55 [ERROR] [https://yapimaks.com/agt-parke-corvina-molette-2-292m2-p14356] Hata: 429 Client Error: Too Many Requests for url: https://yapimaks.com/api/tr/v1/layouts/b2c/products/14356.json
2026-03-23 22:35:57 [INFO] [271/8652] https://yapimaks.com/agt-parke-corvina-pigato-2-292m2-p12134
2026-03-23 22:35:57 [WARNING] Session süresi dolmus, yenileniyor...
2026-03-23 22:35:57 [ERROR] [https://yapimaks.com/agt-parke-corvina-pigato-2-292m2-p12134] Hata: 429 Client Error: Too Many Requests for url: https://yapimaks.com/api/tr/v1/layouts/b2c/products/12134.json
2026-03-23 22:35:59 [INFO] [272/8652] https://yapimaks.com/agt-parke-corvina-vega-2-292m2-p12125
2026-03-23 22:35:59 [WARNING] Session süresi dolmus, yenileniyor...
2026-03-23 22:35:59 [ERROR] [https://yapimaks.com/agt-parke-corvina-vega-2-292m2-p12125] Hata: 429 Client Error: Too Many Requests for url: https://yapimaks.com/api/tr/v1/layouts/b2c/products/12125.json
2026-03-23 22:36:01 [INFO] [273/8652] https://yapimaks.com/agt-parke-defne-spark-grey-12-mm-1-14m2-p485
2026-03-23 22:36:01 [WARNING] Session süresi dolmus, yenileniyor...
2026-03-23 22:36:01 [ERROR] [https://yapimaks.com/agt-parke-defne-spark-grey-12-mm-1-14m2-p485] Hata: 429 Client Error: Too Many Requests for url: https://yapimaks.com/api/tr/v1/layouts/b2c/products/485.json
2026-03-23 22:36:03 [INFO] [274/8652] https://yapimaks.com/agt-parke-effect-altay-8-mm-1-8336m2-p487
2026-03-23 22:36:03 [WARNING] Session süresi dolmus, yenileniyor...
2026-03-23 22:36:03 [ERROR] [https://yapimaks.com/agt-parke-effect-altay-8-mm-1-8336m2-p487] Hata: 429 Client Error: Too Many Requests for url: https://yapimaks.com/api/tr/v1/layouts/b2c/products/487.json
2026-03-23 22:36:05 [INFO] [275/8652] https://yapimaks.com/agt-parke-effect-everest-8-mm-1-8336m2-p490
2026-03-23 22:36:05 [WARNING] Session süresi dolmus, yenileniyor...
2026-03-23 22:36:06 [ERROR] [https://yapimaks.com/agt-parke-effect-everest-8-mm-1-8336m2-p490] Hata: 429 Client Error: Too Many Requests for url: https://yapimaks.com/api/tr/v1/layouts/b2c/products/490.json
2026-03-23 22:36:08 [INFO] [276/8652] https://yapimaks.com/agt-parke-effect-pamir-8-mm-1-8336m2-p489
2026-03-23 22:36:08 [WARNING] Session süresi dolmus, yenileniyor...
2026-03-23 22:36:08 [ERROR] [https://yapimaks.com/agt-parke-effect-pamir-8-mm-1-8336m2-p489] Hata: 429 Client Error: Too Many Requests for url: https://yapimaks.com/api/tr/v1/layouts/b2c/products/489.json
2026-03-23 22:36:10 [WARNING] Sinyal alindi, temiz kapatiliyor...
2026-03-23 22:36:10 [WARNING] Erken cikis: 276/8652 tamamlandi.
2026-03-23 22:36:10 [INFO] Tamamlandi! 276 urun -> C:\Users\arhan\PycharmProjects\inflationstudymirror\Datas\yapimaks\2026-03-23.csv
