2026-04-15 09:20:18 [INFO] ==================================================
2026-04-15 09:20:18 [INFO] Yapimaks Scraper basliyor
2026-04-15 09:20:18 [INFO] ==================================================
2026-04-15 09:20:18 [INFO] Ana sayfa ziyaret ediliyor, cookie aliniyor...
2026-04-15 09:20:19 [INFO] Cookie basariyla alindi.
2026-04-15 09:20:19 [INFO] Sitemap indiriliyor: https://yapimaks.com/sitemap/products1.xml
2026-04-15 09:20:19 [INFO] Sitemap'ten toplam 8835 urun URL'si bulundu.
2026-04-15 09:20:19 [INFO] Bugune ait veri yok. Eski veri (2026-04-14.csv) süzülerek bugune aktariliyor...
2026-04-15 09:20:19 [INFO] Basarili! 8822 urun dunden bugune aktarildi.
2026-04-15 09:20:19 [INFO] Guncel dosyada hazir olan urun: 8822 | Sifirdan cekilecek (yeni) urun: 13
2026-04-15 09:20:19 [INFO] 13 yeni urun scrapelanacak -> C:\Users\arhan\PycharmProjects\inflationstudymirror\Datas\yapimaks\2026-04-15.csv
2026-04-15 09:20:19 [INFO] [1/13] https://yapimaks.com/boru-tutucu-kilcik-1-adet-500-p14520
2026-04-15 09:20:19 [INFO] [14520] 'BORU TUTUCU (KILÇIK) 1 ADET (500)' | 1,00 TL | SKU: GÜÇLÜ.GP7103
2026-04-15 09:20:21 [INFO] [2/13] https://yapimaks.com/fis-kaucuk-uzatma-3x25a-tp-p15242
2026-04-15 09:20:21 [INFO] [15242] 'FİŞ KAUÇUK UZATMA 3X25A TP' | 200,00 TL | SKU: TPLAST.3104-304-0300
2026-04-15 09:20:23 [INFO] [3/13] https://yapimaks.com/heykel-aslan-p15245
2026-04-15 09:20:23 [INFO] [15245] 'HEYKEL ASLAN' | 1000,00 TL | SKU: HEYKEL.TİP.01.02
2026-04-15 09:20:25 [INFO] [4/13] https://yapimaks.com/heykel-bisikletli-cocuk-p15249
2026-04-15 09:20:25 [INFO] [15249] 'HEYKEL BİSİKLETLİ ÇOCUK' | 750,00 TL | SKU: HEYKEL.TİP.03.01
2026-04-15 09:20:27 [INFO] [5/13] https://yapimaks.com/heykel-buyuk-kuzu-p15248
2026-04-15 09:20:27 [INFO] [15248] 'HEYKEL BÜYÜK KUZU' | 1000,00 TL | SKU: HEYKEL.TİP.02.01
2026-04-15 09:20:29 [INFO] [6/13] https://yapimaks.com/heykel-degirmen-p15246
2026-04-15 09:20:30 [INFO] [15246] 'HEYKEL DEGİRMEN' | 1000,00 TL | SKU: HEYKEL.TİP.01.03
2026-04-15 09:20:32 [INFO] [7/13] https://yapimaks.com/heykel-essek-p15247
2026-04-15 09:20:32 [INFO] [15247] 'HEYKEL EŞŞEK' | 1000,00 TL | SKU: HEYKEL.TİP.01.04
2026-04-15 09:20:34 [INFO] [8/13] https://yapimaks.com/heykel-kartal-p15244
2026-04-15 09:20:34 [INFO] [15244] 'HEYKEL KARTAL' | 1000,00 TL | SKU: HEYKEL.TİP.01.01
2026-04-15 09:20:36 [INFO] [9/13] https://yapimaks.com/heykel-mantar-tavsan-cuce-tavuk-sepetli-cocuk-p15250
2026-04-15 09:20:36 [INFO] [15250] 'HEYKEL MANTAR-TAVŞAN-CÜCE-TAVUK-SEPETLİ ' | 700,00 TL | SKU: HEYKEL.TİP.04.01
2026-04-15 09:20:38 [INFO] [10/13] https://yapimaks.com/heykel-sincap-kaplumbag-kucuk-kuzu-1-ad-p15251
2026-04-15 09:20:38 [INFO] [15251] 'HEYKEL SİNCAP-KAPLUMBAĞ-KÜÇÜK KUZU 1 AD' | 500,00 TL | SKU: HEYKEL.TİP.05.01
2026-04-15 09:20:40 [INFO] [11/13] https://yapimaks.com/siva-filesi-160-gr-a-beyaz-50m2-p12565
2026-04-15 09:20:40 [INFO] [12565] 'SIVA FİLESİ 160 GR A++ BEYAZ(50M2)' | 24,00 TL | SKU: DARKSS.SF160.07
2026-04-15 09:20:42 [INFO] [12/13] https://yapimaks.com/siva-filesi-160-gr-a-kirmizi-50m2-p15243
2026-04-15 09:20:42 [INFO] [15243] 'SIVA FİLESİ 160 GR A++ KIRMIZI (50M2)' | 25,00 TL | SKU: DARKSS.SF160.08
2026-04-15 09:20:44 [INFO] [13/13] https://yapimaks.com/siva-filesi-kesik-145gr-20-500-4-4-mavi-100m2-p12988
2026-04-15 09:20:44 [INFO] [12988] 'SIVA FİLESİ KESİK 145GR (20*500*4*4 MAVİ' | 2000,00 TL | SKU: DARKSS.SFK.04
2026-04-15 09:20:46 [INFO] Tamamlandi! Toplam 13 yeni urun eklendi -> C:\Users\arhan\PycharmProjects\inflationstudymirror\Datas\yapimaks\2026-04-15.csv
