2026-06-03 06:52:48 [INFO] ==================================================
2026-06-03 06:52:48 [INFO] Yapimaks Scraper basliyor
2026-06-03 06:52:48 [INFO] ==================================================
2026-06-03 06:52:48 [INFO] Ana sayfa ziyaret ediliyor, cookie aliniyor...
2026-06-03 06:52:49 [INFO] Cookie basariyla alindi.
2026-06-03 06:52:49 [INFO] Sitemap indiriliyor: https://yapimaks.com/sitemap/products1.xml
2026-06-03 06:52:50 [INFO] Sitemap'ten toplam 7819 urun URL'si bulundu.
2026-06-03 06:52:50 [INFO] Bugune ait veri yok. Eski veri (2026-06-02.csv) süzülerek bugune aktariliyor...
2026-06-03 06:52:50 [INFO] Basarili! 7813 urun dunden bugune aktarildi.
2026-06-03 06:52:50 [INFO] Guncel dosyada hazir olan urun: 7813 | Sifirdan cekilecek (yeni) urun: 6
2026-06-03 06:52:50 [INFO] 6 yeni urun scrapelanacak -> /home/runner/work/inflationstudymirror/inflationstudymirror/Datas/yapimaks/2026-06-03.csv
2026-06-03 06:52:50 [INFO] [1/6] https://yapimaks.com/bahce-musluk-hortum-rekoru-3-4-p5125
2026-06-03 06:52:50 [INFO] [5125] 'BAHÇE MUSLUK HORTUM REKORU 3/4' | 25.00 TL | SKU: KARPA.101
2026-06-03 06:52:52 [INFO] [2/6] https://yapimaks.com/gazli-piston-120n-standart-p9162
2026-06-03 06:52:52 [INFO] [9162] 'GAZLI PİSTON 120N - STANDART' | 60.00 TL | SKU: STD.928350800
2026-06-03 06:52:54 [INFO] [3/6] https://yapimaks.com/kum-0-5mm-50-kg-cuval-p15423
2026-06-03 06:52:55 [INFO] [15423] 'KUM 0.5mm (50 KG ÇUVAL)' | 175.00 TL | SKU: KUM.05Ç
2026-06-03 06:52:57 [INFO] [4/6] https://yapimaks.com/rezervuar-montaj-takimi-p5065
2026-06-03 06:52:57 [INFO] [5065] 'REZERVUAR MONTAJ TAKIMI' | 70.00 TL | SKU: KARPA.039
2026-06-03 06:52:59 [INFO] [5/6] https://yapimaks.com/seramik-yapis-gri-qf121-c1t-25-kg-p1968
2026-06-03 06:52:59 [INFO] [1968] 'SERAMİK YAPIŞ GRİ QF121 C1T-25 KG.' | 169.00 TL | SKU: DARKSS.YK.QF121G
2026-06-03 06:53:01 [INFO] [6/6] https://yapimaks.com/ses-yalitim-yerden-isitma-bandi-25-mt-100-mm-p9916
2026-06-03 06:53:01 [INFO] [9916] 'SES YALITIM-YERDEN ISITMA  BANDI 25 MT.-' | 400.00 TL | SKU: DALSAN.SYB100
2026-06-03 06:53:03 [INFO] Tamamlandi! Toplam 6 yeni urun eklendi -> /home/runner/work/inflationstudymirror/inflationstudymirror/Datas/yapimaks/2026-06-03.csv
