2026-05-05 23:58:29 [INFO] ==================================================
2026-05-05 23:58:29 [INFO] Yapimaks Scraper basliyor
2026-05-05 23:58:29 [INFO] ==================================================
2026-05-05 23:58:29 [INFO] Ana sayfa ziyaret ediliyor, cookie aliniyor...
2026-05-05 23:58:29 [INFO] Cookie basariyla alindi.
2026-05-05 23:58:29 [INFO] Sitemap indiriliyor: https://yapimaks.com/sitemap/products1.xml
2026-05-05 23:58:29 [INFO] Sitemap'ten toplam 8959 urun URL'si bulundu.
2026-05-05 23:58:29 [INFO] Bugune ait veri yok. Eski veri (2026-05-04.csv) süzülerek bugune aktariliyor...
2026-05-05 23:58:29 [INFO] Basarili! 8946 urun dunden bugune aktarildi.
2026-05-05 23:58:29 [INFO] Guncel dosyada hazir olan urun: 8946 | Sifirdan cekilecek (yeni) urun: 13
2026-05-05 23:58:29 [INFO] 13 yeni urun scrapelanacak -> C:\Users\arhan\PycharmProjects\inflationstudymirror\Datas\yapimaks\2026-05-05.csv
2026-05-05 23:58:29 [INFO] [1/13] https://yapimaks.com/aster-antrasit-30x60-2k-1-26m2-p15396
2026-05-05 23:58:30 [INFO] [15396] 'ASTER ANTRASİT 30X60 2K (1,26M2)' | 378,00 TL | SKU: EGESER.300X600ASE19.2K
2026-05-05 23:58:32 [INFO] [2/13] https://yapimaks.com/aster-gri-30x60-2k-1-26m2-p15395
2026-05-05 23:58:32 [INFO] [15395] 'ASTER GRİ 30X60 2K (1,26M2)' | 378,00 TL | SKU: EGESER.300X600ASE03.2K
2026-05-05 23:58:34 [INFO] [3/13] https://yapimaks.com/bilbao-mat-gri-30x60-2k-1-26-m2-p15392
2026-05-05 23:58:34 [INFO] [15392] 'BİLBAO MAT GRİ 30X60 2K (1,26 M2)' | 353,00 TL | SKU: EGESER.300X600BIL41
2026-05-05 23:58:36 [INFO] [4/13] https://yapimaks.com/bilbao-supreme-mat-gri-dekor-30x60-2k-1-26-m2-p15391
2026-05-05 23:58:36 [INFO] [15391] 'BİLBAO SUPREME MAT GRİ DEKOR 30X60 2K (1' | 353,00 TL | SKU: EGESER.300X600BIL13.2K
2026-05-05 23:58:38 [INFO] [5/13] https://yapimaks.com/calacatta-beyaz-60x60-2k-parlak-1-8m2-p15393
2026-05-05 23:58:38 [INFO] [15393] 'CALACATTA BEYAZ 60X60 2K PARLAK (1,8M2)' | 493,00 TL | SKU: EGESER.600X600CLC41.2K
2026-05-05 23:58:40 [INFO] [6/13] https://yapimaks.com/horizon-antrasit-60x120-2k-tam-parlak-rek-2-16m2-p15398
2026-05-05 23:58:40 [INFO] [15398] 'HORİZON ANTRASİT 60x120 2K TAM PARLAK RE' | 1294,00 TL | SKU: EGESER.600X1200HRZ19PAR.2K
2026-05-05 23:58:42 [INFO] [7/13] https://yapimaks.com/imagine-acik-gri-60x120-1k-mat-rek-2-16m2-p15397
2026-05-05 23:58:42 [INFO] [15397] 'İMAGİNE AÇIK GRİ 60X120 1K MAT REK (2,16' | 1178,00 TL | SKU: EGESER.600X1200IMA57REK.2K
2026-05-05 23:58:44 [INFO] [8/13] https://yapimaks.com/nest-gri-30x60-1k-k8-1-26m2-p15387
2026-05-05 23:58:44 [INFO] [15387] 'NEST GRİ 30X60 1K K8 (1,26M2)' | 479,00 TL | SKU: EGESER.300X600NST03.1K
2026-05-05 23:58:46 [INFO] [9/13] https://yapimaks.com/orlando-antrasit-gri-60x120-1k-tam-parlak-2-16m2-p15390
2026-05-05 23:58:46 [INFO] [15390] 'ORLANDO ANTRASİT GRİ 60X120 1K TAM PARLA' | 1595,00 TL | SKU: EGESER.600X1200ORL19PAR.1K
2026-05-05 23:58:48 [INFO] [10/13] https://yapimaks.com/sense-acik-gri-30x60-1k-k8-1-26m2-p15389
2026-05-05 23:58:48 [INFO] [15389] 'SENSE AÇIK GRİ 30X60 1K K8 (1,26M2)' | 479,00 TL | SKU: EGESER.300X600SSN.01
2026-05-05 23:58:50 [INFO] [11/13] https://yapimaks.com/silikon-tup-50-ml-beyaz-akfix-100e-sa112-p12943
2026-05-05 23:58:50 [INFO] [12943] 'SİLİKON TÜP 50 ML BEYAZ AKFİX 100E SA112' | 65,00 TL | SKU: AKFİX.100E.BEYAZ
2026-05-05 23:58:52 [INFO] [12/13] https://yapimaks.com/statuario-gold-beyaz-60x120-1k-tam-parlak-rek-2-16m2-p15388
2026-05-05 23:58:52 [INFO] [15388] 'STATUARİO GOLD BEYAZ 60x120 1K TAM PARLA' | 1523,00 TL | SKU: EGESER.600X1200STU39PAR.1K
2026-05-05 23:58:54 [INFO] [13/13] https://yapimaks.com/subway-siyah-30x60-2k-1-08m2-p15394
2026-05-05 23:58:54 [INFO] [15394] 'SUBWAY SİYAH 30X60 2K (1,08M2)' | 429,00 TL | SKU: EGESER.300X600SBW93.2K
2026-05-05 23:58:56 [INFO] Tamamlandi! Toplam 13 yeni urun eklendi -> C:\Users\arhan\PycharmProjects\inflationstudymirror\Datas\yapimaks\2026-05-05.csv
